Flow report for adder
Mon Jan 21 20:23:28 2019
Quartus Prime Version 17.1.0 Build 590 10/25/2017 SJ Lite Edition


---------------------
; Table of Contents ;
---------------------
  1. Legal Notice
  2. Flow Summary
  3. Flow Settings
  4. Flow Non-Default Global Settings
  5. Flow Elapsed Time
  6. Flow OS Summary
  7. Flow Log
  8. Flow Messages
  9. Flow Suppressed Messages



----------------
; Legal Notice ;
----------------
Copyright (C) 2017  Intel Corporation. All rights reserved.
Your use of Intel Corporation's design tools, logic functions 
and other software and tools, and its AMPP partner logic 
functions, and any output files from any of the foregoing 
(including device programming or simulation files), and any 
associated documentation or information are expressly subject 
to the terms and conditions of the Intel Program License 
Subscription Agreement, the Intel Quartus Prime License Agreement,
the Intel FPGA IP License Agreement, or other applicable license
agreement, including, without limitation, that your use is for
the sole purpose of programming logic devices manufactured by
Intel and sold by Intel or its authorized distributors.  Please
refer to the applicable agreement for further details.



+---------------------------------------------------------------------+
; Flow Summary                                                        ;
+-----------------------+---------------------------------------------+
; Flow Status           ; Successful - Mon Jan 21 20:23:28 2019       ;
; Quartus Prime Version ; 17.1.0 Build 590 10/25/2017 SJ Lite Edition ;
; Revision Name         ; adder                                       ;
; Top-level Entity Name ; adder                                       ;
; Family                ; MAX II                                      ;
; Total logic elements  ; 8 / 240 ( 3 % )                             ;
; Total pins            ; 14 / 80 ( 18 % )                            ;
; Total virtual pins    ; 0                                           ;
; UFM blocks            ; 0 / 1 ( 0 % )                               ;
; Device                ; EPM240T100C3                                ;
; Timing Models         ; Final                                       ;
+-----------------------+---------------------------------------------+


+-----------------------------------------+
; Flow Settings                           ;
+-------------------+---------------------+
; Option            ; Setting             ;
+-------------------+---------------------+
; Start date & time ; 01/21/2019 20:22:45 ;
; Main task         ; Compilation         ;
; Revision Name     ; adder               ;
+-------------------+---------------------+


+------------------------------------------------------------------------------------------------------------+
; Flow Non-Default Global Settings                                                                           ;
+-------------------------------+-----------------------------+---------------+-------------+----------------+
; Assignment Name               ; Value                       ; Default Value ; Entity Name ; Section Id     ;
+-------------------------------+-----------------------------+---------------+-------------+----------------+
; COMPILER_SIGNATURE_ID         ; 52235553468.154812016405100 ; --            ; --          ; --             ;
; EDA_NETLIST_WRITER_OUTPUT_DIR ; simulation/modelsim         ; --            ; --          ; eda_simulation ;
; EDA_OUTPUT_DATA_FORMAT        ; Vhdl                        ; --            ; --          ; eda_simulation ;
; EDA_SIMULATION_TOOL           ; ModelSim-Altera (VHDL)      ; <None>        ; --          ; --             ;
; EDA_TIME_SCALE                ; 1 ps                        ; --            ; --          ; eda_simulation ;
; PROJECT_OUTPUT_DIRECTORY      ; output_files                ; --            ; --          ; --             ;
+-------------------------------+-----------------------------+---------------+-------------+----------------+


+-------------------------------------------------------------------------------------------------------------------------------+
; Flow Elapsed Time                                                                                                             ;
+---------------------------+--------------+-------------------------+---------------------+------------------------------------+
; Module Name               ; Elapsed Time ; Average Processors Used ; Peak Virtual Memory ; Total CPU Time (on all processors) ;
+---------------------------+--------------+-------------------------+---------------------+------------------------------------+
; Analysis & Synthesis      ; 00:00:25     ; 1.0                     ; 4776 MB             ; 00:00:33                           ;
; Fitter                    ; 00:00:07     ; 1.0                     ; 5085 MB             ; 00:00:03                           ;
; Assembler                 ; 00:00:01     ; 1.0                     ; 4669 MB             ; 00:00:01                           ;
; TimeQuest Timing Analyzer ; 00:00:03     ; 1.0                     ; 4665 MB             ; 00:00:02                           ;
; EDA Netlist Writer        ; 00:00:02     ; 1.0                     ; 4631 MB             ; 00:00:02                           ;
; Total                     ; 00:00:38     ; --                      ; --                  ; 00:00:41                           ;
+---------------------------+--------------+-------------------------+---------------------+------------------------------------+


+-----------------------------------------------------------------------------------------+
; Flow OS Summary                                                                         ;
+---------------------------+------------------+------------+------------+----------------+
; Module Name               ; Machine Hostname ; OS Name    ; OS Version ; Processor type ;
+---------------------------+------------------+------------+------------+----------------+
; Analysis & Synthesis      ; DESKTOP-KSN1CEG  ; Windows 10 ; 10.0       ; x86_64         ;
; Fitter                    ; DESKTOP-KSN1CEG  ; Windows 10 ; 10.0       ; x86_64         ;
; Assembler                 ; DESKTOP-KSN1CEG  ; Windows 10 ; 10.0       ; x86_64         ;
; TimeQuest Timing Analyzer ; DESKTOP-KSN1CEG  ; Windows 10 ; 10.0       ; x86_64         ;
; EDA Netlist Writer        ; DESKTOP-KSN1CEG  ; Windows 10 ; 10.0       ; x86_64         ;
+---------------------------+------------------+------------+------------+----------------+


------------
; Flow Log ;
------------
quartus_map --read_settings_files=on --write_settings_files=off adder -c adder
quartus_fit --read_settings_files=off --write_settings_files=off adder -c adder
quartus_asm --read_settings_files=off --write_settings_files=off adder -c adder
quartus_sta adder -c adder
quartus_eda --read_settings_files=off --write_settings_files=off adder -c adder



