Analysis & Synthesis report for top_level
Mon Mar 11 20:38:59 2019
Quartus Prime Version 17.1.0 Build 590 10/25/2017 SJ Lite Edition


---------------------
; Table of Contents ;
---------------------
  1. Legal Notice
  2. Analysis & Synthesis Summary
  3. Analysis & Synthesis Settings
  4. Parallel Compilation
  5. Analysis & Synthesis Source Files Read
  6. Analysis & Synthesis Resource Usage Summary
  7. Analysis & Synthesis Resource Utilization by Entity
  8. State Machine - |top_level|gcd:U_GCD|ctrl2:U_CTRL|state
  9. User-Specified and Inferred Latches
 10. General Register Statistics
 11. Multiplexer Restructuring Statistics (Restructuring Performed)
 12. Parameter Settings for User Entity Instance: gcd:U_GCD
 13. Parameter Settings for User Entity Instance: gcd:U_GCD|datapath2:U_DATAPATH
 14. Parameter Settings for User Entity Instance: gcd:U_GCD|datapath2:U_DATAPATH|mux_2x1:U_MUX_X
 15. Parameter Settings for User Entity Instance: gcd:U_GCD|datapath2:U_DATAPATH|mux_2x1:U_MUX_Y
 16. Parameter Settings for User Entity Instance: gcd:U_GCD|datapath2:U_DATAPATH|reg:U_TMP_X_REG
 17. Parameter Settings for User Entity Instance: gcd:U_GCD|datapath2:U_DATAPATH|reg:U_TMP_Y_REG
 18. Parameter Settings for User Entity Instance: gcd:U_GCD|datapath2:U_DATAPATH|mux_2x1:U_MUX_LEFT
 19. Parameter Settings for User Entity Instance: gcd:U_GCD|datapath2:U_DATAPATH|mux_2x1:U_MUX_RIGHT
 20. Parameter Settings for User Entity Instance: gcd:U_GCD|datapath2:U_DATAPATH|sub:U_SUB
 21. Parameter Settings for User Entity Instance: gcd:U_GCD|datapath2:U_DATAPATH|comp:U_COMP
 22. Parameter Settings for User Entity Instance: gcd:U_GCD|datapath2:U_DATAPATH|reg:U_OUT_REG
 23. Port Connectivity Checks: "decoder7seg:U_LED0"
 24. Port Connectivity Checks: "decoder7seg:U_LED1"
 25. Port Connectivity Checks: "decoder7seg:U_LED2"
 26. Port Connectivity Checks: "decoder7seg:U_LED3"
 27. Port Connectivity Checks: "gcd:U_GCD|datapath2:U_DATAPATH|comp:U_COMP"
 28. Port Connectivity Checks: "gcd:U_GCD"
 29. Post-Synthesis Netlist Statistics for Top Partition
 30. Elapsed Time Per Partition
 31. Analysis & Synthesis Messages



----------------
; Legal Notice ;
----------------
Copyright (C) 2017  Intel Corporation. All rights reserved.
Your use of Intel Corporation's design tools, logic functions 
and other software and tools, and its AMPP partner logic 
functions, and any output files from any of the foregoing 
(including device programming or simulation files), and any 
associated documentation or information are expressly subject 
to the terms and conditions of the Intel Program License 
Subscription Agreement, the Intel Quartus Prime License Agreement,
the Intel FPGA IP License Agreement, or other applicable license
agreement, including, without limitation, that your use is for
the sole purpose of programming logic devices manufactured by
Intel and sold by Intel or its authorized distributors.  Please
refer to the applicable agreement for further details.



+----------------------------------------------------------------------------------+
; Analysis & Synthesis Summary                                                     ;
+------------------------------------+---------------------------------------------+
; Analysis & Synthesis Status        ; Successful - Mon Mar 11 20:38:59 2019       ;
; Quartus Prime Version              ; 17.1.0 Build 590 10/25/2017 SJ Lite Edition ;
; Revision Name                      ; top_level                                   ;
; Top-level Entity Name              ; top_level                                   ;
; Family                             ; MAX 10                                      ;
; Total logic elements               ; 87                                          ;
;     Total combinational functions  ; 78                                          ;
;     Dedicated logic registers      ; 32                                          ;
; Total registers                    ; 32                                          ;
; Total pins                         ; 61                                          ;
; Total virtual pins                 ; 0                                           ;
; Total memory bits                  ; 0                                           ;
; Embedded Multiplier 9-bit elements ; 0                                           ;
; Total PLLs                         ; 0                                           ;
; UFM blocks                         ; 0                                           ;
; ADC blocks                         ; 0                                           ;
+------------------------------------+---------------------------------------------+


+----------------------------------------------------------------------------------------------------------------------+
; Analysis & Synthesis Settings                                                                                        ;
+----------------------------------------------------------------------------+--------------------+--------------------+
; Option                                                                     ; Setting            ; Default Value      ;
+----------------------------------------------------------------------------+--------------------+--------------------+
; Device                                                                     ; 10M50DAF484C6GES   ;                    ;
; Top-level entity name                                                      ; top_level          ; top_level          ;
; Family name                                                                ; MAX 10             ; Cyclone V          ;
; Use smart compilation                                                      ; Off                ; Off                ;
; Enable parallel Assembler and TimeQuest Timing Analyzer during compilation ; On                 ; On                 ;
; Enable compact report table                                                ; Off                ; Off                ;
; Restructure Multiplexers                                                   ; Auto               ; Auto               ;
; Create Debugging Nodes for IP Cores                                        ; Off                ; Off                ;
; Preserve fewer node names                                                  ; On                 ; On                 ;
; Intel FPGA IP Evaluation Mode                                              ; Enable             ; Enable             ;
; Verilog Version                                                            ; Verilog_2001       ; Verilog_2001       ;
; VHDL Version                                                               ; VHDL_1993          ; VHDL_1993          ;
; State Machine Processing                                                   ; Auto               ; Auto               ;
; Safe State Machine                                                         ; Off                ; Off                ;
; Extract Verilog State Machines                                             ; On                 ; On                 ;
; Extract VHDL State Machines                                                ; On                 ; On                 ;
; Ignore Verilog initial constructs                                          ; Off                ; Off                ;
; Iteration limit for constant Verilog loops                                 ; 5000               ; 5000               ;
; Iteration limit for non-constant Verilog loops                             ; 250                ; 250                ;
; Add Pass-Through Logic to Inferred RAMs                                    ; On                 ; On                 ;
; Infer RAMs from Raw Logic                                                  ; On                 ; On                 ;
; Parallel Synthesis                                                         ; On                 ; On                 ;
; DSP Block Balancing                                                        ; Auto               ; Auto               ;
; NOT Gate Push-Back                                                         ; On                 ; On                 ;
; Power-Up Don't Care                                                        ; On                 ; On                 ;
; Remove Redundant Logic Cells                                               ; Off                ; Off                ;
; Remove Duplicate Registers                                                 ; On                 ; On                 ;
; Ignore CARRY Buffers                                                       ; Off                ; Off                ;
; Ignore CASCADE Buffers                                                     ; Off                ; Off                ;
; Ignore GLOBAL Buffers                                                      ; Off                ; Off                ;
; Ignore ROW GLOBAL Buffers                                                  ; Off                ; Off                ;
; Ignore LCELL Buffers                                                       ; Off                ; Off                ;
; Ignore SOFT Buffers                                                        ; On                 ; On                 ;
; Limit AHDL Integers to 32 Bits                                             ; Off                ; Off                ;
; Optimization Technique                                                     ; Balanced           ; Balanced           ;
; Carry Chain Length                                                         ; 70                 ; 70                 ;
; Auto Carry Chains                                                          ; On                 ; On                 ;
; Auto Open-Drain Pins                                                       ; On                 ; On                 ;
; Perform WYSIWYG Primitive Resynthesis                                      ; Off                ; Off                ;
; Auto ROM Replacement                                                       ; On                 ; On                 ;
; Auto RAM Replacement                                                       ; On                 ; On                 ;
; Auto DSP Block Replacement                                                 ; On                 ; On                 ;
; Auto Shift Register Replacement                                            ; Auto               ; Auto               ;
; Allow Shift Register Merging across Hierarchies                            ; Auto               ; Auto               ;
; Auto Clock Enable Replacement                                              ; On                 ; On                 ;
; Strict RAM Replacement                                                     ; Off                ; Off                ;
; Allow Synchronous Control Signals                                          ; On                 ; On                 ;
; Force Use of Synchronous Clear Signals                                     ; Off                ; Off                ;
; Auto RAM Block Balancing                                                   ; On                 ; On                 ;
; Auto RAM to Logic Cell Conversion                                          ; Off                ; Off                ;
; Auto Resource Sharing                                                      ; Off                ; Off                ;
; Allow Any RAM Size For Recognition                                         ; Off                ; Off                ;
; Allow Any ROM Size For Recognition                                         ; Off                ; Off                ;
; Allow Any Shift Register Size For Recognition                              ; Off                ; Off                ;
; Use LogicLock Constraints during Resource Balancing                        ; On                 ; On                 ;
; Ignore translate_off and synthesis_off directives                          ; Off                ; Off                ;
; Timing-Driven Synthesis                                                    ; On                 ; On                 ;
; Report Parameter Settings                                                  ; On                 ; On                 ;
; Report Source Assignments                                                  ; On                 ; On                 ;
; Report Connectivity Checks                                                 ; On                 ; On                 ;
; Ignore Maximum Fan-Out Assignments                                         ; Off                ; Off                ;
; Synchronization Register Chain Length                                      ; 2                  ; 2                  ;
; Power Optimization During Synthesis                                        ; Normal compilation ; Normal compilation ;
; HDL message level                                                          ; Level2             ; Level2             ;
; Suppress Register Optimization Related Messages                            ; Off                ; Off                ;
; Number of Removed Registers Reported in Synthesis Report                   ; 5000               ; 5000               ;
; Number of Swept Nodes Reported in Synthesis Report                         ; 5000               ; 5000               ;
; Number of Inverted Registers Reported in Synthesis Report                  ; 100                ; 100                ;
; Clock MUX Protection                                                       ; On                 ; On                 ;
; Auto Gated Clock Conversion                                                ; Off                ; Off                ;
; Block Design Naming                                                        ; Auto               ; Auto               ;
; SDC constraint protection                                                  ; Off                ; Off                ;
; Synthesis Effort                                                           ; Auto               ; Auto               ;
; Shift Register Replacement - Allow Asynchronous Clear Signal               ; On                 ; On                 ;
; Pre-Mapping Resynthesis Optimization                                       ; Off                ; Off                ;
; Analysis & Synthesis Message Level                                         ; Medium             ; Medium             ;
; Disable Register Merging Across Hierarchies                                ; Auto               ; Auto               ;
; Resource Aware Inference For Block RAM                                     ; On                 ; On                 ;
+----------------------------------------------------------------------------+--------------------+--------------------+


+------------------------------------------+
; Parallel Compilation                     ;
+----------------------------+-------------+
; Processors                 ; Number      ;
+----------------------------+-------------+
; Number detected on machine ; 2           ;
; Maximum allowed            ; 2           ;
;                            ;             ;
; Average used               ; 1.00        ;
; Maximum used               ; 2           ;
;                            ;             ;
; Usage by Processor         ; % Time Used ;
;     Processor 1            ; 100.0%      ;
;     Processor 2            ;   0.0%      ;
+----------------------------+-------------+


+---------------------------------------------------------------------------------------------------------------------------------------------------------------------------------------------------+
; Analysis & Synthesis Source Files Read                                                                                                                                                            ;
+--------------------------------------------------------------------------+-----------------+-----------------+--------------------------------------------------------------------------+---------+
; File Name with User-Entered Path                                         ; Used in Netlist ; File Type       ; File Name with Absolute Path                                             ; Library ;
+--------------------------------------------------------------------------+-----------------+-----------------+--------------------------------------------------------------------------+---------+
; //vmware-host/Shared Folders/GitHub/digital-design/Lab-5/top_level.vhd   ; yes             ; User VHDL File  ; //vmware-host/Shared Folders/GitHub/digital-design/Lab-5/top_level.vhd   ;         ;
; //vmware-host/Shared Folders/GitHub/digital-design/Lab-5/sub.vhd         ; yes             ; User VHDL File  ; //vmware-host/Shared Folders/GitHub/digital-design/Lab-5/sub.vhd         ;         ;
; //vmware-host/Shared Folders/GitHub/digital-design/Lab-5/reg.vhd         ; yes             ; User VHDL File  ; //vmware-host/Shared Folders/GitHub/digital-design/Lab-5/reg.vhd         ;         ;
; //vmware-host/Shared Folders/GitHub/digital-design/Lab-5/mux_2x1.vhd     ; yes             ; User VHDL File  ; //vmware-host/Shared Folders/GitHub/digital-design/Lab-5/mux_2x1.vhd     ;         ;
; //vmware-host/Shared Folders/GitHub/digital-design/Lab-5/gcd.vhd         ; yes             ; User VHDL File  ; //vmware-host/Shared Folders/GitHub/digital-design/Lab-5/gcd.vhd         ;         ;
; //vmware-host/Shared Folders/GitHub/digital-design/Lab-5/decoder7seg.vhd ; yes             ; User VHDL File  ; //vmware-host/Shared Folders/GitHub/digital-design/Lab-5/decoder7seg.vhd ;         ;
; //vmware-host/Shared Folders/GitHub/digital-design/Lab-5/datapath2.vhd   ; yes             ; User VHDL File  ; //vmware-host/Shared Folders/GitHub/digital-design/Lab-5/datapath2.vhd   ;         ;
; //vmware-host/Shared Folders/GitHub/digital-design/Lab-5/datapath1.vhd   ; yes             ; User VHDL File  ; //vmware-host/Shared Folders/GitHub/digital-design/Lab-5/datapath1.vhd   ;         ;
; //vmware-host/Shared Folders/GitHub/digital-design/Lab-5/ctrl2.vhd       ; yes             ; User VHDL File  ; //vmware-host/Shared Folders/GitHub/digital-design/Lab-5/ctrl2.vhd       ;         ;
; //vmware-host/Shared Folders/GitHub/digital-design/Lab-5/ctrl1.vhd       ; yes             ; User VHDL File  ; //vmware-host/Shared Folders/GitHub/digital-design/Lab-5/ctrl1.vhd       ;         ;
; //vmware-host/Shared Folders/GitHub/digital-design/Lab-5/comp.vhd        ; yes             ; User VHDL File  ; //vmware-host/Shared Folders/GitHub/digital-design/Lab-5/comp.vhd        ;         ;
+--------------------------------------------------------------------------+-----------------+-----------------+--------------------------------------------------------------------------+---------+


+--------------------------------------------------------------+
; Analysis & Synthesis Resource Usage Summary                  ;
+---------------------------------------------+----------------+
; Resource                                    ; Usage          ;
+---------------------------------------------+----------------+
; Estimated Total logic elements              ; 87             ;
;                                             ;                ;
; Total combinational functions               ; 78             ;
; Logic element usage by number of LUT inputs ;                ;
;     -- 4 input functions                    ; 20             ;
;     -- 3 input functions                    ; 45             ;
;     -- <=2 input functions                  ; 13             ;
;                                             ;                ;
; Logic elements by mode                      ;                ;
;     -- normal mode                          ; 64             ;
;     -- arithmetic mode                      ; 14             ;
;                                             ;                ;
; Total registers                             ; 32             ;
;     -- Dedicated logic registers            ; 32             ;
;     -- I/O registers                        ; 0              ;
;                                             ;                ;
; I/O pins                                    ; 61             ;
;                                             ;                ;
; Embedded Multiplier 9-bit elements          ; 0              ;
;                                             ;                ;
; Maximum fan-out node                        ; clk50MHz~input ;
; Maximum fan-out                             ; 32             ;
; Total fan-out                               ; 436            ;
; Average fan-out                             ; 1.88           ;
+---------------------------------------------+----------------+


+----------------------------------------------------------------------------------------------------------------------------------------------------------------------------------------------------------------------------------------------------------------------------------+
; Analysis & Synthesis Resource Utilization by Entity                                                                                                                                                                                                                              ;
+--------------------------------+---------------------+---------------------------+-------------+------------+--------------+---------+-----------+------+--------------+------------+---------------------------------------------------------------+-------------+--------------+
; Compilation Hierarchy Node     ; Combinational ALUTs ; Dedicated Logic Registers ; Memory Bits ; UFM Blocks ; DSP Elements ; DSP 9x9 ; DSP 18x18 ; Pins ; Virtual Pins ; ADC blocks ; Full Hierarchy Name                                           ; Entity Name ; Library Name ;
+--------------------------------+---------------------+---------------------------+-------------+------------+--------------+---------+-----------+------+--------------+------------+---------------------------------------------------------------+-------------+--------------+
; |top_level                     ; 78 (0)              ; 32 (0)                    ; 0           ; 0          ; 0            ; 0       ; 0         ; 61   ; 0            ; 0          ; |top_level                                                    ; top_level   ; work         ;
;    |decoder7seg:U_LED4|        ; 7 (7)               ; 0 (0)                     ; 0           ; 0          ; 0            ; 0       ; 0         ; 0    ; 0            ; 0          ; |top_level|decoder7seg:U_LED4                                 ; decoder7seg ; work         ;
;    |decoder7seg:U_LED5|        ; 7 (7)               ; 0 (0)                     ; 0           ; 0          ; 0            ; 0       ; 0         ; 0    ; 0            ; 0          ; |top_level|decoder7seg:U_LED5                                 ; decoder7seg ; work         ;
;    |gcd:U_GCD|                 ; 64 (0)              ; 32 (0)                    ; 0           ; 0          ; 0            ; 0       ; 0         ; 0    ; 0            ; 0          ; |top_level|gcd:U_GCD                                          ; gcd         ; work         ;
;       |ctrl2:U_CTRL|           ; 11 (11)             ; 8 (8)                     ; 0           ; 0          ; 0            ; 0       ; 0         ; 0    ; 0            ; 0          ; |top_level|gcd:U_GCD|ctrl2:U_CTRL                             ; ctrl2       ; work         ;
;       |datapath2:U_DATAPATH|   ; 53 (0)              ; 24 (0)                    ; 0           ; 0          ; 0            ; 0       ; 0         ; 0    ; 0            ; 0          ; |top_level|gcd:U_GCD|datapath2:U_DATAPATH                     ; datapath2   ; work         ;
;          |comp:U_COMP|         ; 13 (13)             ; 0 (0)                     ; 0           ; 0          ; 0            ; 0       ; 0         ; 0    ; 0            ; 0          ; |top_level|gcd:U_GCD|datapath2:U_DATAPATH|comp:U_COMP         ; comp        ; work         ;
;          |mux_2x1:U_MUX_LEFT|  ; 8 (8)               ; 0 (0)                     ; 0           ; 0          ; 0            ; 0       ; 0         ; 0    ; 0            ; 0          ; |top_level|gcd:U_GCD|datapath2:U_DATAPATH|mux_2x1:U_MUX_LEFT  ; mux_2x1     ; work         ;
;          |mux_2x1:U_MUX_RIGHT| ; 8 (8)               ; 0 (0)                     ; 0           ; 0          ; 0            ; 0       ; 0         ; 0    ; 0            ; 0          ; |top_level|gcd:U_GCD|datapath2:U_DATAPATH|mux_2x1:U_MUX_RIGHT ; mux_2x1     ; work         ;
;          |mux_2x1:U_MUX_X|     ; 8 (8)               ; 0 (0)                     ; 0           ; 0          ; 0            ; 0       ; 0         ; 0    ; 0            ; 0          ; |top_level|gcd:U_GCD|datapath2:U_DATAPATH|mux_2x1:U_MUX_X     ; mux_2x1     ; work         ;
;          |mux_2x1:U_MUX_Y|     ; 8 (8)               ; 0 (0)                     ; 0           ; 0          ; 0            ; 0       ; 0         ; 0    ; 0            ; 0          ; |top_level|gcd:U_GCD|datapath2:U_DATAPATH|mux_2x1:U_MUX_Y     ; mux_2x1     ; work         ;
;          |reg:U_OUT_REG|       ; 0 (0)               ; 8 (8)                     ; 0           ; 0          ; 0            ; 0       ; 0         ; 0    ; 0            ; 0          ; |top_level|gcd:U_GCD|datapath2:U_DATAPATH|reg:U_OUT_REG       ; reg         ; work         ;
;          |reg:U_TMP_X_REG|     ; 0 (0)               ; 8 (8)                     ; 0           ; 0          ; 0            ; 0       ; 0         ; 0    ; 0            ; 0          ; |top_level|gcd:U_GCD|datapath2:U_DATAPATH|reg:U_TMP_X_REG     ; reg         ; work         ;
;          |reg:U_TMP_Y_REG|     ; 0 (0)               ; 8 (8)                     ; 0           ; 0          ; 0            ; 0       ; 0         ; 0    ; 0            ; 0          ; |top_level|gcd:U_GCD|datapath2:U_DATAPATH|reg:U_TMP_Y_REG     ; reg         ; work         ;
;          |sub:U_SUB|           ; 8 (8)               ; 0 (0)                     ; 0           ; 0          ; 0            ; 0       ; 0         ; 0    ; 0            ; 0          ; |top_level|gcd:U_GCD|datapath2:U_DATAPATH|sub:U_SUB           ; sub         ; work         ;
+--------------------------------+---------------------+---------------------------+-------------+------------+--------------+---------+-----------+------+--------------+------------+---------------------------------------------------------------+-------------+--------------+
Note: For table entries with two numbers listed, the numbers in parentheses indicate the number of resources of the given type used by the specific entity alone. The numbers listed outside of parentheses indicate the total resources of the given type used by the specific entity and all of its sub-entities in the hierarchy.


Encoding Type:  One-Hot
+---------------------------------------------------------------------------------------------------------------------------------------------------+
; State Machine - |top_level|gcd:U_GCD|ctrl2:U_CTRL|state                                                                                           ;
+-------------------+--------------+------------+-------------------+-------------------+-----------------+------------+--------------+-------------+
; Name              ; state.WAIT_0 ; state.DISP ; state.LOOP_BODY_B ; state.LOOP_BODY_A ; state.LOOP_COND ; state.INIT ; state.WAIT_1 ; state.START ;
+-------------------+--------------+------------+-------------------+-------------------+-----------------+------------+--------------+-------------+
; state.START       ; 0            ; 0          ; 0                 ; 0                 ; 0               ; 0          ; 0            ; 0           ;
; state.WAIT_1      ; 0            ; 0          ; 0                 ; 0                 ; 0               ; 0          ; 1            ; 1           ;
; state.INIT        ; 0            ; 0          ; 0                 ; 0                 ; 0               ; 1          ; 0            ; 1           ;
; state.LOOP_COND   ; 0            ; 0          ; 0                 ; 0                 ; 1               ; 0          ; 0            ; 1           ;
; state.LOOP_BODY_A ; 0            ; 0          ; 0                 ; 1                 ; 0               ; 0          ; 0            ; 1           ;
; state.LOOP_BODY_B ; 0            ; 0          ; 1                 ; 0                 ; 0               ; 0          ; 0            ; 1           ;
; state.DISP        ; 0            ; 1          ; 0                 ; 0                 ; 0               ; 0          ; 0            ; 1           ;
; state.WAIT_0      ; 1            ; 0          ; 0                 ; 0                 ; 0               ; 0          ; 0            ; 1           ;
+-------------------+--------------+------------+-------------------+-------------------+-----------------+------------+--------------+-------------+


+--------------------------------------------------------------------------------------------------------------+
; User-Specified and Inferred Latches                                                                          ;
+----------------------------------------------------+--------------------------------+------------------------+
; Latch Name                                         ; Latch Enable Signal            ; Free of Timing Hazards ;
+----------------------------------------------------+--------------------------------+------------------------+
; gcd:U_GCD|ctrl2:U_CTRL|sub_sel                     ; gcd:U_GCD|ctrl2:U_CTRL|WideOr3 ; yes                    ;
; Number of user-specified and inferred latches = 1  ;                                ;                        ;
+----------------------------------------------------+--------------------------------+------------------------+
Note: All latches listed above may not be present at the end of synthesis due to various synthesis optimizations.


+------------------------------------------------------+
; General Register Statistics                          ;
+----------------------------------------------+-------+
; Statistic                                    ; Value ;
+----------------------------------------------+-------+
; Total registers                              ; 32    ;
; Number of registers using Synchronous Clear  ; 0     ;
; Number of registers using Synchronous Load   ; 0     ;
; Number of registers using Asynchronous Clear ; 32    ;
; Number of registers using Asynchronous Load  ; 0     ;
; Number of registers using Clock Enable       ; 24    ;
; Number of registers using Preset             ; 0     ;
+----------------------------------------------+-------+


+------------------------------------------------------------------------------------------------------------------------------------------------------------------------+
; Multiplexer Restructuring Statistics (Restructuring Performed)                                                                                                         ;
+--------------------+-----------+---------------+----------------------+------------------------+------------+----------------------------------------------------------+
; Multiplexer Inputs ; Bus Width ; Baseline Area ; Area if Restructured ; Saving if Restructured ; Registered ; Example Multiplexer Output                               ;
+--------------------+-----------+---------------+----------------------+------------------------+------------+----------------------------------------------------------+
; 3:1                ; 2 bits    ; 4 LEs         ; 2 LEs                ; 2 LEs                  ; No         ; |top_level|gcd:U_GCD|ctrl2:U_CTRL|next_state.LOOP_BODY_A ;
+--------------------+-----------+---------------+----------------------+------------------------+------------+----------------------------------------------------------+


+--------------------------------------------------------+
; Parameter Settings for User Entity Instance: gcd:U_GCD ;
+----------------+-------+-------------------------------+
; Parameter Name ; Value ; Type                          ;
+----------------+-------+-------------------------------+
; width          ; 8     ; Signed Integer                ;
+----------------+-------+-------------------------------+
Note: In order to hide this table in the UI and the text report file, please set the "Show Parameter Settings in Synthesis Report" option in "Analysis and Synthesis Settings -> More Settings" to "Off".


+-----------------------------------------------------------------------------+
; Parameter Settings for User Entity Instance: gcd:U_GCD|datapath2:U_DATAPATH ;
+----------------+-------+----------------------------------------------------+
; Parameter Name ; Value ; Type                                               ;
+----------------+-------+----------------------------------------------------+
; width          ; 8     ; Signed Integer                                     ;
+----------------+-------+----------------------------------------------------+
Note: In order to hide this table in the UI and the text report file, please set the "Show Parameter Settings in Synthesis Report" option in "Analysis and Synthesis Settings -> More Settings" to "Off".


+---------------------------------------------------------------------------------------------+
; Parameter Settings for User Entity Instance: gcd:U_GCD|datapath2:U_DATAPATH|mux_2x1:U_MUX_X ;
+----------------+-------+--------------------------------------------------------------------+
; Parameter Name ; Value ; Type                                                               ;
+----------------+-------+--------------------------------------------------------------------+
; width          ; 8     ; Signed Integer                                                     ;
+----------------+-------+--------------------------------------------------------------------+
Note: In order to hide this table in the UI and the text report file, please set the "Show Parameter Settings in Synthesis Report" option in "Analysis and Synthesis Settings -> More Settings" to "Off".


+---------------------------------------------------------------------------------------------+
; Parameter Settings for User Entity Instance: gcd:U_GCD|datapath2:U_DATAPATH|mux_2x1:U_MUX_Y ;
+----------------+-------+--------------------------------------------------------------------+
; Parameter Name ; Value ; Type                                                               ;
+----------------+-------+--------------------------------------------------------------------+
; width          ; 8     ; Signed Integer                                                     ;
+----------------+-------+--------------------------------------------------------------------+
Note: In order to hide this table in the UI and the text report file, please set the "Show Parameter Settings in Synthesis Report" option in "Analysis and Synthesis Settings -> More Settings" to "Off".


+---------------------------------------------------------------------------------------------+
; Parameter Settings for User Entity Instance: gcd:U_GCD|datapath2:U_DATAPATH|reg:U_TMP_X_REG ;
+----------------+-------+--------------------------------------------------------------------+
; Parameter Name ; Value ; Type                                                               ;
+----------------+-------+--------------------------------------------------------------------+
; width          ; 8     ; Signed Integer                                                     ;
+----------------+-------+--------------------------------------------------------------------+
Note: In order to hide this table in the UI and the text report file, please set the "Show Parameter Settings in Synthesis Report" option in "Analysis and Synthesis Settings -> More Settings" to "Off".


+---------------------------------------------------------------------------------------------+
; Parameter Settings for User Entity Instance: gcd:U_GCD|datapath2:U_DATAPATH|reg:U_TMP_Y_REG ;
+----------------+-------+--------------------------------------------------------------------+
; Parameter Name ; Value ; Type                                                               ;
+----------------+-------+--------------------------------------------------------------------+
; width          ; 8     ; Signed Integer                                                     ;
+----------------+-------+--------------------------------------------------------------------+
Note: In order to hide this table in the UI and the text report file, please set the "Show Parameter Settings in Synthesis Report" option in "Analysis and Synthesis Settings -> More Settings" to "Off".


+------------------------------------------------------------------------------------------------+
; Parameter Settings for User Entity Instance: gcd:U_GCD|datapath2:U_DATAPATH|mux_2x1:U_MUX_LEFT ;
+----------------+-------+-----------------------------------------------------------------------+
; Parameter Name ; Value ; Type                                                                  ;
+----------------+-------+-----------------------------------------------------------------------+
; width          ; 8     ; Signed Integer                                                        ;
+----------------+-------+-----------------------------------------------------------------------+
Note: In order to hide this table in the UI and the text report file, please set the "Show Parameter Settings in Synthesis Report" option in "Analysis and Synthesis Settings -> More Settings" to "Off".


+-------------------------------------------------------------------------------------------------+
; Parameter Settings for User Entity Instance: gcd:U_GCD|datapath2:U_DATAPATH|mux_2x1:U_MUX_RIGHT ;
+----------------+-------+------------------------------------------------------------------------+
; Parameter Name ; Value ; Type                                                                   ;
+----------------+-------+------------------------------------------------------------------------+
; width          ; 8     ; Signed Integer                                                         ;
+----------------+-------+------------------------------------------------------------------------+
Note: In order to hide this table in the UI and the text report file, please set the "Show Parameter Settings in Synthesis Report" option in "Analysis and Synthesis Settings -> More Settings" to "Off".


+---------------------------------------------------------------------------------------+
; Parameter Settings for User Entity Instance: gcd:U_GCD|datapath2:U_DATAPATH|sub:U_SUB ;
+----------------+-------+--------------------------------------------------------------+
; Parameter Name ; Value ; Type                                                         ;
+----------------+-------+--------------------------------------------------------------+
; width          ; 8     ; Signed Integer                                               ;
+----------------+-------+--------------------------------------------------------------+
Note: In order to hide this table in the UI and the text report file, please set the "Show Parameter Settings in Synthesis Report" option in "Analysis and Synthesis Settings -> More Settings" to "Off".


+-----------------------------------------------------------------------------------------+
; Parameter Settings for User Entity Instance: gcd:U_GCD|datapath2:U_DATAPATH|comp:U_COMP ;
+----------------+-------+----------------------------------------------------------------+
; Parameter Name ; Value ; Type                                                           ;
+----------------+-------+----------------------------------------------------------------+
; width          ; 8     ; Signed Integer                                                 ;
+----------------+-------+----------------------------------------------------------------+
Note: In order to hide this table in the UI and the text report file, please set the "Show Parameter Settings in Synthesis Report" option in "Analysis and Synthesis Settings -> More Settings" to "Off".


+-------------------------------------------------------------------------------------------+
; Parameter Settings for User Entity Instance: gcd:U_GCD|datapath2:U_DATAPATH|reg:U_OUT_REG ;
+----------------+-------+------------------------------------------------------------------+
; Parameter Name ; Value ; Type                                                             ;
+----------------+-------+------------------------------------------------------------------+
; width          ; 8     ; Signed Integer                                                   ;
+----------------+-------+------------------------------------------------------------------+
Note: In order to hide this table in the UI and the text report file, please set the "Show Parameter Settings in Synthesis Report" option in "Analysis and Synthesis Settings -> More Settings" to "Off".


+------------------------------------------------+
; Port Connectivity Checks: "decoder7seg:U_LED0" ;
+-------+-------+----------+---------------------+
; Port  ; Type  ; Severity ; Details             ;
+-------+-------+----------+---------------------+
; input ; Input ; Info     ; Stuck at GND        ;
+-------+-------+----------+---------------------+


+------------------------------------------------+
; Port Connectivity Checks: "decoder7seg:U_LED1" ;
+-------+-------+----------+---------------------+
; Port  ; Type  ; Severity ; Details             ;
+-------+-------+----------+---------------------+
; input ; Input ; Info     ; Stuck at GND        ;
+-------+-------+----------+---------------------+


+------------------------------------------------+
; Port Connectivity Checks: "decoder7seg:U_LED2" ;
+-------+-------+----------+---------------------+
; Port  ; Type  ; Severity ; Details             ;
+-------+-------+----------+---------------------+
; input ; Input ; Info     ; Stuck at GND        ;
+-------+-------+----------+---------------------+


+------------------------------------------------+
; Port Connectivity Checks: "decoder7seg:U_LED3" ;
+-------+-------+----------+---------------------+
; Port  ; Type  ; Severity ; Details             ;
+-------+-------+----------+---------------------+
; input ; Input ; Info     ; Stuck at GND        ;
+-------+-------+----------+---------------------+


+----------------------------------------------------------------------------------------------------------------+
; Port Connectivity Checks: "gcd:U_GCD|datapath2:U_DATAPATH|comp:U_COMP"                                         ;
+------+--------+----------+-------------------------------------------------------------------------------------+
; Port ; Type   ; Severity ; Details                                                                             ;
+------+--------+----------+-------------------------------------------------------------------------------------+
; gt   ; Output ; Info     ; Connected to dangling logic. Logic that only feeds a dangling port will be removed. ;
+------+--------+----------+-------------------------------------------------------------------------------------+


+-------------------------------------------+
; Port Connectivity Checks: "gcd:U_GCD"     ;
+---------+-------+----------+--------------+
; Port    ; Type  ; Severity ; Details      ;
+---------+-------+----------+--------------+
; x[7..5] ; Input ; Info     ; Stuck at GND ;
; y[7..5] ; Input ; Info     ; Stuck at GND ;
+---------+-------+----------+--------------+


+-----------------------------------------------------+
; Post-Synthesis Netlist Statistics for Top Partition ;
+-----------------------+-----------------------------+
; Type                  ; Count                       ;
+-----------------------+-----------------------------+
; boundary_port         ; 61                          ;
; cycloneiii_ff         ; 32                          ;
;     CLR               ; 8                           ;
;     ENA CLR           ; 24                          ;
; cycloneiii_lcell_comb ; 83                          ;
;     arith             ; 14                          ;
;         3 data inputs ; 14                          ;
;     normal            ; 69                          ;
;         0 data inputs ; 2                           ;
;         1 data inputs ; 3                           ;
;         2 data inputs ; 13                          ;
;         3 data inputs ; 31                          ;
;         4 data inputs ; 20                          ;
;                       ;                             ;
; Max LUT depth         ; 3.70                        ;
; Average LUT depth     ; 2.43                        ;
+-----------------------+-----------------------------+


+-------------------------------+
; Elapsed Time Per Partition    ;
+----------------+--------------+
; Partition Name ; Elapsed Time ;
+----------------+--------------+
; Top            ; 00:00:00     ;
+----------------+--------------+


+-------------------------------+
; Analysis & Synthesis Messages ;
+-------------------------------+
Info: *******************************************************************
Info: Running Quartus Prime Analysis & Synthesis
    Info: Version 17.1.0 Build 590 10/25/2017 SJ Lite Edition
    Info: Processing started: Mon Mar 11 20:38:35 2019
Info: Command: quartus_map --read_settings_files=on --write_settings_files=off board -c top_level
Warning (18236): Number of processors has not been specified which may cause overloading on shared machines.  Set the global assignment NUM_PARALLEL_PROCESSORS in your QSF to an appropriate value for best performance.
Info (20030): Parallel compilation is enabled and will use 2 of the 2 processors detected
Info (12021): Found 2 design units, including 1 entities, in source file //vmware-host/shared folders/github/digital-design/lab-5/top_level.vhd
    Info (12022): Found design unit 1: top_level-STR File: //vmware-host/Shared Folders/GitHub/digital-design/Lab-5/top_level.vhd Line: 40
    Info (12023): Found entity 1: top_level File: //vmware-host/Shared Folders/GitHub/digital-design/Lab-5/top_level.vhd Line: 20
Info (12021): Found 3 design units, including 1 entities, in source file //vmware-host/shared folders/github/digital-design/lab-5/sub.vhd
    Info (12022): Found design unit 1: sub-UNSIGNED_INPUTS File: //vmware-host/Shared Folders/GitHub/digital-design/Lab-5/sub.vhd Line: 14
    Info (12022): Found design unit 2: sub-SIGNED_INPUTS File: //vmware-host/Shared Folders/GitHub/digital-design/Lab-5/sub.vhd Line: 19
    Info (12023): Found entity 1: sub File: //vmware-host/Shared Folders/GitHub/digital-design/Lab-5/sub.vhd Line: 5
Info (12021): Found 2 design units, including 1 entities, in source file //vmware-host/shared folders/github/digital-design/lab-5/reg.vhd
    Info (12022): Found design unit 1: reg-ASYNC_RST File: //vmware-host/Shared Folders/GitHub/digital-design/Lab-5/reg.vhd Line: 16
    Info (12023): Found entity 1: reg File: //vmware-host/Shared Folders/GitHub/digital-design/Lab-5/reg.vhd Line: 5
Info (12021): Found 2 design units, including 1 entities, in source file //vmware-host/shared folders/github/digital-design/lab-5/mux_2x1.vhd
    Info (12022): Found design unit 1: mux_2x1-DEF File: //vmware-host/Shared Folders/GitHub/digital-design/Lab-5/mux_2x1.vhd Line: 15
    Info (12023): Found entity 1: mux_2x1 File: //vmware-host/Shared Folders/GitHub/digital-design/Lab-5/mux_2x1.vhd Line: 5
Info (12021): Found 5 design units, including 1 entities, in source file //vmware-host/shared folders/github/digital-design/lab-5/gcd.vhd
    Info (12022): Found design unit 1: gcd-FSMD File: //vmware-host/Shared Folders/GitHub/digital-design/Lab-5/gcd.vhd Line: 18
    Info (12022): Found design unit 2: gcd-FSM_D1 File: //vmware-host/Shared Folders/GitHub/digital-design/Lab-5/gcd.vhd Line: 76
    Info (12022): Found design unit 3: gcd-FSM_D2 File: //vmware-host/Shared Folders/GitHub/digital-design/Lab-5/gcd.vhd Line: 109
    Info (12022): Found design unit 4: gcd-FSMD2 File: //vmware-host/Shared Folders/GitHub/digital-design/Lab-5/gcd.vhd Line: 146
    Info (12023): Found entity 1: gcd File: //vmware-host/Shared Folders/GitHub/digital-design/Lab-5/gcd.vhd Line: 5
Info (12021): Found 2 design units, including 1 entities, in source file //vmware-host/shared folders/github/digital-design/lab-5/decoder7seg.vhd
    Info (12022): Found design unit 1: decoder7seg-BHV File: //vmware-host/Shared Folders/GitHub/digital-design/Lab-5/decoder7seg.vhd Line: 15
    Info (12023): Found entity 1: decoder7seg File: //vmware-host/Shared Folders/GitHub/digital-design/Lab-5/decoder7seg.vhd Line: 8
Info (12021): Found 2 design units, including 1 entities, in source file //vmware-host/shared folders/github/digital-design/lab-5/datapath2.vhd
    Info (12022): Found design unit 1: datapath2-DEF File: //vmware-host/Shared Folders/GitHub/digital-design/Lab-5/datapath2.vhd Line: 24
    Info (12023): Found entity 1: datapath2 File: //vmware-host/Shared Folders/GitHub/digital-design/Lab-5/datapath2.vhd Line: 5
Info (12021): Found 2 design units, including 1 entities, in source file //vmware-host/shared folders/github/digital-design/lab-5/datapath1.vhd
    Info (12022): Found design unit 1: datapath1-DEF File: //vmware-host/Shared Folders/GitHub/digital-design/Lab-5/datapath1.vhd Line: 23
    Info (12023): Found entity 1: datapath1 File: //vmware-host/Shared Folders/GitHub/digital-design/Lab-5/datapath1.vhd Line: 5
Info (12021): Found 2 design units, including 1 entities, in source file //vmware-host/shared folders/github/digital-design/lab-5/ctrl2.vhd
    Info (12022): Found design unit 1: ctrl2-FSM_2P File: //vmware-host/Shared Folders/GitHub/digital-design/Lab-5/ctrl2.vhd Line: 21
    Info (12023): Found entity 1: ctrl2 File: //vmware-host/Shared Folders/GitHub/digital-design/Lab-5/ctrl2.vhd Line: 5
Info (12021): Found 2 design units, including 1 entities, in source file //vmware-host/shared folders/github/digital-design/lab-5/ctrl1.vhd
    Info (12022): Found design unit 1: ctrl1-FSM_2P File: //vmware-host/Shared Folders/GitHub/digital-design/Lab-5/ctrl1.vhd Line: 20
    Info (12023): Found entity 1: ctrl1 File: //vmware-host/Shared Folders/GitHub/digital-design/Lab-5/ctrl1.vhd Line: 5
Info (12021): Found 3 design units, including 1 entities, in source file //vmware-host/shared folders/github/digital-design/lab-5/comp.vhd
    Info (12022): Found design unit 1: comp-UNSIGNED_INPUTS File: //vmware-host/Shared Folders/GitHub/digital-design/Lab-5/comp.vhd Line: 16
    Info (12022): Found design unit 2: comp-SIGNED_INPUTS File: //vmware-host/Shared Folders/GitHub/digital-design/Lab-5/comp.vhd Line: 23
    Info (12023): Found entity 1: comp File: //vmware-host/Shared Folders/GitHub/digital-design/Lab-5/comp.vhd Line: 5
Info (12127): Elaborating entity "top_level" for the top level hierarchy
Info (12129): Elaborating entity "gcd" using architecture "A:fsm_d2" for hierarchy "gcd:U_GCD" File: //vmware-host/Shared Folders/GitHub/digital-design/Lab-5/top_level.vhd Line: 51
Info (12128): Elaborating entity "datapath2" for hierarchy "gcd:U_GCD|datapath2:U_DATAPATH" File: //vmware-host/Shared Folders/GitHub/digital-design/Lab-5/gcd.vhd Line: 112
Info (12128): Elaborating entity "mux_2x1" for hierarchy "gcd:U_GCD|datapath2:U_DATAPATH|mux_2x1:U_MUX_X" File: //vmware-host/Shared Folders/GitHub/digital-design/Lab-5/datapath2.vhd Line: 28
Info (12128): Elaborating entity "reg" for hierarchy "gcd:U_GCD|datapath2:U_DATAPATH|reg:U_TMP_X_REG" File: //vmware-host/Shared Folders/GitHub/digital-design/Lab-5/datapath2.vhd Line: 42
Info (12129): Elaborating entity "sub" using architecture "A:unsigned_inputs" for hierarchy "gcd:U_GCD|datapath2:U_DATAPATH|sub:U_SUB" File: //vmware-host/Shared Folders/GitHub/digital-design/Lab-5/datapath2.vhd Line: 72
Info (12129): Elaborating entity "comp" using architecture "A:unsigned_inputs" for hierarchy "gcd:U_GCD|datapath2:U_DATAPATH|comp:U_COMP" File: //vmware-host/Shared Folders/GitHub/digital-design/Lab-5/datapath2.vhd Line: 78
Info (12128): Elaborating entity "ctrl2" for hierarchy "gcd:U_GCD|ctrl2:U_CTRL" File: //vmware-host/Shared Folders/GitHub/digital-design/Lab-5/gcd.vhd Line: 128
Warning (10631): VHDL Process Statement warning at ctrl2.vhd(34): inferring latch(es) for signal or variable "sub_sel", which holds its previous value in one or more paths through the process File: //vmware-host/Shared Folders/GitHub/digital-design/Lab-5/ctrl2.vhd Line: 34
Info (10041): Inferred latch for "sub_sel" at ctrl2.vhd(34) File: //vmware-host/Shared Folders/GitHub/digital-design/Lab-5/ctrl2.vhd Line: 34
Info (12128): Elaborating entity "decoder7seg" for hierarchy "decoder7seg:U_LED5" File: //vmware-host/Shared Folders/GitHub/digital-design/Lab-5/top_level.vhd Line: 62
Warning (13012): Latch gcd:U_GCD|ctrl2:U_CTRL|sub_sel has unsafe behavior File: //vmware-host/Shared Folders/GitHub/digital-design/Lab-5/ctrl2.vhd Line: 17
    Warning (13013): Ports D and ENA on the latch are fed by the same signal gcd:U_GCD|ctrl2:U_CTRL|state.LOOP_BODY_B File: //vmware-host/Shared Folders/GitHub/digital-design/Lab-5/ctrl2.vhd Line: 23
Warning (13024): Output pins are stuck at VCC or GND
    Warning (13410): Pin "led0[0]" is stuck at GND File: //vmware-host/Shared Folders/GitHub/digital-design/Lab-5/top_level.vhd Line: 25
    Warning (13410): Pin "led0[1]" is stuck at GND File: //vmware-host/Shared Folders/GitHub/digital-design/Lab-5/top_level.vhd Line: 25
    Warning (13410): Pin "led0[2]" is stuck at GND File: //vmware-host/Shared Folders/GitHub/digital-design/Lab-5/top_level.vhd Line: 25
    Warning (13410): Pin "led0[3]" is stuck at GND File: //vmware-host/Shared Folders/GitHub/digital-design/Lab-5/top_level.vhd Line: 25
    Warning (13410): Pin "led0[4]" is stuck at GND File: //vmware-host/Shared Folders/GitHub/digital-design/Lab-5/top_level.vhd Line: 25
    Warning (13410): Pin "led0[5]" is stuck at GND File: //vmware-host/Shared Folders/GitHub/digital-design/Lab-5/top_level.vhd Line: 25
    Warning (13410): Pin "led0[6]" is stuck at VCC File: //vmware-host/Shared Folders/GitHub/digital-design/Lab-5/top_level.vhd Line: 25
    Warning (13410): Pin "led0_dp" is stuck at VCC File: //vmware-host/Shared Folders/GitHub/digital-design/Lab-5/top_level.vhd Line: 26
    Warning (13410): Pin "led1[0]" is stuck at GND File: //vmware-host/Shared Folders/GitHub/digital-design/Lab-5/top_level.vhd Line: 27
    Warning (13410): Pin "led1[1]" is stuck at GND File: //vmware-host/Shared Folders/GitHub/digital-design/Lab-5/top_level.vhd Line: 27
    Warning (13410): Pin "led1[2]" is stuck at GND File: //vmware-host/Shared Folders/GitHub/digital-design/Lab-5/top_level.vhd Line: 27
    Warning (13410): Pin "led1[3]" is stuck at GND File: //vmware-host/Shared Folders/GitHub/digital-design/Lab-5/top_level.vhd Line: 27
    Warning (13410): Pin "led1[4]" is stuck at GND File: //vmware-host/Shared Folders/GitHub/digital-design/Lab-5/top_level.vhd Line: 27
    Warning (13410): Pin "led1[5]" is stuck at GND File: //vmware-host/Shared Folders/GitHub/digital-design/Lab-5/top_level.vhd Line: 27
    Warning (13410): Pin "led1[6]" is stuck at VCC File: //vmware-host/Shared Folders/GitHub/digital-design/Lab-5/top_level.vhd Line: 27
    Warning (13410): Pin "led1_dp" is stuck at VCC File: //vmware-host/Shared Folders/GitHub/digital-design/Lab-5/top_level.vhd Line: 28
    Warning (13410): Pin "led2[0]" is stuck at GND File: //vmware-host/Shared Folders/GitHub/digital-design/Lab-5/top_level.vhd Line: 29
    Warning (13410): Pin "led2[1]" is stuck at GND File: //vmware-host/Shared Folders/GitHub/digital-design/Lab-5/top_level.vhd Line: 29
    Warning (13410): Pin "led2[2]" is stuck at GND File: //vmware-host/Shared Folders/GitHub/digital-design/Lab-5/top_level.vhd Line: 29
    Warning (13410): Pin "led2[3]" is stuck at GND File: //vmware-host/Shared Folders/GitHub/digital-design/Lab-5/top_level.vhd Line: 29
    Warning (13410): Pin "led2[4]" is stuck at GND File: //vmware-host/Shared Folders/GitHub/digital-design/Lab-5/top_level.vhd Line: 29
    Warning (13410): Pin "led2[5]" is stuck at GND File: //vmware-host/Shared Folders/GitHub/digital-design/Lab-5/top_level.vhd Line: 29
    Warning (13410): Pin "led2[6]" is stuck at VCC File: //vmware-host/Shared Folders/GitHub/digital-design/Lab-5/top_level.vhd Line: 29
    Warning (13410): Pin "led2_dp" is stuck at VCC File: //vmware-host/Shared Folders/GitHub/digital-design/Lab-5/top_level.vhd Line: 30
    Warning (13410): Pin "led3[0]" is stuck at GND File: //vmware-host/Shared Folders/GitHub/digital-design/Lab-5/top_level.vhd Line: 31
    Warning (13410): Pin "led3[1]" is stuck at GND File: //vmware-host/Shared Folders/GitHub/digital-design/Lab-5/top_level.vhd Line: 31
    Warning (13410): Pin "led3[2]" is stuck at GND File: //vmware-host/Shared Folders/GitHub/digital-design/Lab-5/top_level.vhd Line: 31
    Warning (13410): Pin "led3[3]" is stuck at GND File: //vmware-host/Shared Folders/GitHub/digital-design/Lab-5/top_level.vhd Line: 31
    Warning (13410): Pin "led3[4]" is stuck at GND File: //vmware-host/Shared Folders/GitHub/digital-design/Lab-5/top_level.vhd Line: 31
    Warning (13410): Pin "led3[5]" is stuck at GND File: //vmware-host/Shared Folders/GitHub/digital-design/Lab-5/top_level.vhd Line: 31
    Warning (13410): Pin "led3[6]" is stuck at VCC File: //vmware-host/Shared Folders/GitHub/digital-design/Lab-5/top_level.vhd Line: 31
    Warning (13410): Pin "led3_dp" is stuck at VCC File: //vmware-host/Shared Folders/GitHub/digital-design/Lab-5/top_level.vhd Line: 32
    Warning (13410): Pin "led5_dp" is stuck at VCC File: //vmware-host/Shared Folders/GitHub/digital-design/Lab-5/top_level.vhd Line: 36
Info (286030): Timing-Driven Synthesis is running
Info (16010): Generating hard_block partition "hard_block:auto_generated_inst"
    Info (16011): Adding 0 node(s), including 0 DDIO, 0 PLL, 0 transceiver and 0 LCELL
Info (21057): Implemented 148 device resources after synthesis - the final resource count might be different
    Info (21058): Implemented 13 input pins
    Info (21059): Implemented 48 output pins
    Info (21061): Implemented 87 logic cells
Info: Quartus Prime Analysis & Synthesis was successful. 0 errors, 38 warnings
    Info: Peak virtual memory: 4806 megabytes
    Info: Processing ended: Mon Mar 11 20:38:59 2019
    Info: Elapsed time: 00:00:24
    Info: Total CPU time (on all processors): 00:00:35


