Analysis & Synthesis report for top_level
Tue Feb 19 13:27:07 2019
Quartus Prime Version 17.1.0 Build 590 10/25/2017 SJ Lite Edition


---------------------
; Table of Contents ;
---------------------
  1. Legal Notice
  2. Analysis & Synthesis Summary
  3. Analysis & Synthesis Settings
  4. Parallel Compilation
  5. Analysis & Synthesis Source Files Read
  6. Analysis & Synthesis Resource Usage Summary
  7. Analysis & Synthesis Resource Utilization by Entity
  8. State Machine - |top_level|gray2:U_GRAY|state
  9. General Register Statistics
 10. Multiplexer Restructuring Statistics (Restructuring Performed)
 11. Parameter Settings for User Entity Instance: clk_gen:U_CLK_GEN
 12. Parameter Settings for User Entity Instance: clk_gen:U_CLK_GEN|clk_div:U_CLK_DIV
 13. Port Connectivity Checks: "decoder7seg:U_LED0"
 14. Port Connectivity Checks: "decoder7seg:U_LED1"
 15. Port Connectivity Checks: "decoder7seg:U_LED2"
 16. Port Connectivity Checks: "decoder7seg:U_LED3"
 17. Post-Synthesis Netlist Statistics for Top Partition
 18. Elapsed Time Per Partition
 19. Analysis & Synthesis Messages



----------------
; Legal Notice ;
----------------
Copyright (C) 2017  Intel Corporation. All rights reserved.
Your use of Intel Corporation's design tools, logic functions 
and other software and tools, and its AMPP partner logic 
functions, and any output files from any of the foregoing 
(including device programming or simulation files), and any 
associated documentation or information are expressly subject 
to the terms and conditions of the Intel Program License 
Subscription Agreement, the Intel Quartus Prime License Agreement,
the Intel FPGA IP License Agreement, or other applicable license
agreement, including, without limitation, that your use is for
the sole purpose of programming logic devices manufactured by
Intel and sold by Intel or its authorized distributors.  Please
refer to the applicable agreement for further details.



+----------------------------------------------------------------------------------+
; Analysis & Synthesis Summary                                                     ;
+------------------------------------+---------------------------------------------+
; Analysis & Synthesis Status        ; Successful - Tue Feb 19 13:27:07 2019       ;
; Quartus Prime Version              ; 17.1.0 Build 590 10/25/2017 SJ Lite Edition ;
; Revision Name                      ; top_level                                   ;
; Top-level Entity Name              ; top_level                                   ;
; Family                             ; MAX 10                                      ;
; Total logic elements               ; 171                                         ;
;     Total combinational functions  ; 157                                         ;
;     Dedicated logic registers      ; 86                                          ;
; Total registers                    ; 86                                          ;
; Total pins                         ; 63                                          ;
; Total virtual pins                 ; 0                                           ;
; Total memory bits                  ; 0                                           ;
; Embedded Multiplier 9-bit elements ; 0                                           ;
; Total PLLs                         ; 0                                           ;
; UFM blocks                         ; 0                                           ;
; ADC blocks                         ; 0                                           ;
+------------------------------------+---------------------------------------------+


+----------------------------------------------------------------------------------------------------------------------+
; Analysis & Synthesis Settings                                                                                        ;
+----------------------------------------------------------------------------+--------------------+--------------------+
; Option                                                                     ; Setting            ; Default Value      ;
+----------------------------------------------------------------------------+--------------------+--------------------+
; Device                                                                     ; 10M50DAF484C6GES   ;                    ;
; Top-level entity name                                                      ; top_level          ; top_level          ;
; Family name                                                                ; MAX 10             ; Cyclone V          ;
; Use smart compilation                                                      ; Off                ; Off                ;
; Enable parallel Assembler and TimeQuest Timing Analyzer during compilation ; On                 ; On                 ;
; Enable compact report table                                                ; Off                ; Off                ;
; Restructure Multiplexers                                                   ; Auto               ; Auto               ;
; Create Debugging Nodes for IP Cores                                        ; Off                ; Off                ;
; Preserve fewer node names                                                  ; On                 ; On                 ;
; Intel FPGA IP Evaluation Mode                                              ; Enable             ; Enable             ;
; Verilog Version                                                            ; Verilog_2001       ; Verilog_2001       ;
; VHDL Version                                                               ; VHDL_1993          ; VHDL_1993          ;
; State Machine Processing                                                   ; Auto               ; Auto               ;
; Safe State Machine                                                         ; Off                ; Off                ;
; Extract Verilog State Machines                                             ; On                 ; On                 ;
; Extract VHDL State Machines                                                ; On                 ; On                 ;
; Ignore Verilog initial constructs                                          ; Off                ; Off                ;
; Iteration limit for constant Verilog loops                                 ; 5000               ; 5000               ;
; Iteration limit for non-constant Verilog loops                             ; 250                ; 250                ;
; Add Pass-Through Logic to Inferred RAMs                                    ; On                 ; On                 ;
; Infer RAMs from Raw Logic                                                  ; On                 ; On                 ;
; Parallel Synthesis                                                         ; On                 ; On                 ;
; DSP Block Balancing                                                        ; Auto               ; Auto               ;
; NOT Gate Push-Back                                                         ; On                 ; On                 ;
; Power-Up Don't Care                                                        ; On                 ; On                 ;
; Remove Redundant Logic Cells                                               ; Off                ; Off                ;
; Remove Duplicate Registers                                                 ; On                 ; On                 ;
; Ignore CARRY Buffers                                                       ; Off                ; Off                ;
; Ignore CASCADE Buffers                                                     ; Off                ; Off                ;
; Ignore GLOBAL Buffers                                                      ; Off                ; Off                ;
; Ignore ROW GLOBAL Buffers                                                  ; Off                ; Off                ;
; Ignore LCELL Buffers                                                       ; Off                ; Off                ;
; Ignore SOFT Buffers                                                        ; On                 ; On                 ;
; Limit AHDL Integers to 32 Bits                                             ; Off                ; Off                ;
; Optimization Technique                                                     ; Balanced           ; Balanced           ;
; Carry Chain Length                                                         ; 70                 ; 70                 ;
; Auto Carry Chains                                                          ; On                 ; On                 ;
; Auto Open-Drain Pins                                                       ; On                 ; On                 ;
; Perform WYSIWYG Primitive Resynthesis                                      ; Off                ; Off                ;
; Auto ROM Replacement                                                       ; On                 ; On                 ;
; Auto RAM Replacement                                                       ; On                 ; On                 ;
; Auto DSP Block Replacement                                                 ; On                 ; On                 ;
; Auto Shift Register Replacement                                            ; Auto               ; Auto               ;
; Allow Shift Register Merging across Hierarchies                            ; Auto               ; Auto               ;
; Auto Clock Enable Replacement                                              ; On                 ; On                 ;
; Strict RAM Replacement                                                     ; Off                ; Off                ;
; Allow Synchronous Control Signals                                          ; On                 ; On                 ;
; Force Use of Synchronous Clear Signals                                     ; Off                ; Off                ;
; Auto RAM Block Balancing                                                   ; On                 ; On                 ;
; Auto RAM to Logic Cell Conversion                                          ; Off                ; Off                ;
; Auto Resource Sharing                                                      ; Off                ; Off                ;
; Allow Any RAM Size For Recognition                                         ; Off                ; Off                ;
; Allow Any ROM Size For Recognition                                         ; Off                ; Off                ;
; Allow Any Shift Register Size For Recognition                              ; Off                ; Off                ;
; Use LogicLock Constraints during Resource Balancing                        ; On                 ; On                 ;
; Ignore translate_off and synthesis_off directives                          ; Off                ; Off                ;
; Timing-Driven Synthesis                                                    ; On                 ; On                 ;
; Report Parameter Settings                                                  ; On                 ; On                 ;
; Report Source Assignments                                                  ; On                 ; On                 ;
; Report Connectivity Checks                                                 ; On                 ; On                 ;
; Ignore Maximum Fan-Out Assignments                                         ; Off                ; Off                ;
; Synchronization Register Chain Length                                      ; 2                  ; 2                  ;
; Power Optimization During Synthesis                                        ; Normal compilation ; Normal compilation ;
; HDL message level                                                          ; Level2             ; Level2             ;
; Suppress Register Optimization Related Messages                            ; Off                ; Off                ;
; Number of Removed Registers Reported in Synthesis Report                   ; 5000               ; 5000               ;
; Number of Swept Nodes Reported in Synthesis Report                         ; 5000               ; 5000               ;
; Number of Inverted Registers Reported in Synthesis Report                  ; 100                ; 100                ;
; Clock MUX Protection                                                       ; On                 ; On                 ;
; Auto Gated Clock Conversion                                                ; Off                ; Off                ;
; Block Design Naming                                                        ; Auto               ; Auto               ;
; SDC constraint protection                                                  ; Off                ; Off                ;
; Synthesis Effort                                                           ; Auto               ; Auto               ;
; Shift Register Replacement - Allow Asynchronous Clear Signal               ; On                 ; On                 ;
; Pre-Mapping Resynthesis Optimization                                       ; Off                ; Off                ;
; Analysis & Synthesis Message Level                                         ; Medium             ; Medium             ;
; Disable Register Merging Across Hierarchies                                ; Auto               ; Auto               ;
; Resource Aware Inference For Block RAM                                     ; On                 ; On                 ;
+----------------------------------------------------------------------------+--------------------+--------------------+


+------------------------------------------+
; Parallel Compilation                     ;
+----------------------------+-------------+
; Processors                 ; Number      ;
+----------------------------+-------------+
; Number detected on machine ; 2           ;
; Maximum allowed            ; 2           ;
;                            ;             ;
; Average used               ; 1.00        ;
; Maximum used               ; 2           ;
;                            ;             ;
; Usage by Processor         ; % Time Used ;
;     Processor 1            ; 100.0%      ;
;     Processor 2            ;   0.0%      ;
+----------------------------+-------------+


+---------------------------------------------------------------------------------------------------------------------------------+
; Analysis & Synthesis Source Files Read                                                                                          ;
+----------------------------------+-----------------+-----------------+------------------------------------------------+---------+
; File Name with User-Entered Path ; Used in Netlist ; File Type       ; File Name with Absolute Path                   ; Library ;
+----------------------------------+-----------------+-----------------+------------------------------------------------+---------+
; ../top_level.vhd                 ; yes             ; User VHDL File  ; Y:/GitHub/digital-design/Lab-4/top_level.vhd   ;         ;
; ../gray2.vhd                     ; yes             ; User VHDL File  ; Y:/GitHub/digital-design/Lab-4/gray2.vhd       ;         ;
; ../decoder7seg.vhd               ; yes             ; User VHDL File  ; Y:/GitHub/digital-design/Lab-4/decoder7seg.vhd ;         ;
; ../counter.vhd                   ; yes             ; User VHDL File  ; Y:/GitHub/digital-design/Lab-4/counter.vhd     ;         ;
; ../clk_gen.vhd                   ; yes             ; User VHDL File  ; Y:/GitHub/digital-design/Lab-4/clk_gen.vhd     ;         ;
; ../clk_div.vhd                   ; yes             ; User VHDL File  ; Y:/GitHub/digital-design/Lab-4/clk_div.vhd     ;         ;
+----------------------------------+-----------------+-----------------+------------------------------------------------+---------+


+---------------------------------------------------------+
; Analysis & Synthesis Resource Usage Summary             ;
+---------------------------------------------+-----------+
; Resource                                    ; Usage     ;
+---------------------------------------------+-----------+
; Estimated Total logic elements              ; 171       ;
;                                             ;           ;
; Total combinational functions               ; 157       ;
; Logic element usage by number of LUT inputs ;           ;
;     -- 4 input functions                    ; 77        ;
;     -- 3 input functions                    ; 3         ;
;     -- <=2 input functions                  ; 77        ;
;                                             ;           ;
; Logic elements by mode                      ;           ;
;     -- normal mode                          ; 95        ;
;     -- arithmetic mode                      ; 62        ;
;                                             ;           ;
; Total registers                             ; 86        ;
;     -- Dedicated logic registers            ; 86        ;
;     -- I/O registers                        ; 0         ;
;                                             ;           ;
; I/O pins                                    ; 63        ;
;                                             ;           ;
; Embedded Multiplier 9-bit elements          ; 0         ;
;                                             ;           ;
; Maximum fan-out node                        ; rst~input ;
; Maximum fan-out                             ; 86        ;
; Total fan-out                               ; 804       ;
; Average fan-out                             ; 2.17      ;
+---------------------------------------------+-----------+


+---------------------------------------------------------------------------------------------------------------------------------------------------------------------------------------------------------------------------------------------------------------+
; Analysis & Synthesis Resource Utilization by Entity                                                                                                                                                                                                           ;
+----------------------------+---------------------+---------------------------+-------------+------------+--------------+---------+-----------+------+--------------+------------+------------------------------------------------+-------------+--------------+
; Compilation Hierarchy Node ; Combinational ALUTs ; Dedicated Logic Registers ; Memory Bits ; UFM Blocks ; DSP Elements ; DSP 9x9 ; DSP 18x18 ; Pins ; Virtual Pins ; ADC blocks ; Full Hierarchy Name                            ; Entity Name ; Library Name ;
+----------------------------+---------------------+---------------------------+-------------+------------+--------------+---------+-----------+------+--------------+------------+------------------------------------------------+-------------+--------------+
; |top_level                 ; 157 (0)             ; 86 (0)                    ; 0           ; 0          ; 0            ; 0       ; 0         ; 63   ; 0            ; 0          ; |top_level                                     ; top_level   ; work         ;
;    |clk_gen:U_CLK_GEN|     ; 124 (75)            ; 66 (33)                   ; 0           ; 0          ; 0            ; 0       ; 0         ; 0    ; 0            ; 0          ; |top_level|clk_gen:U_CLK_GEN                   ; clk_gen     ; work         ;
;       |clk_div:U_CLK_DIV|  ; 49 (49)             ; 33 (33)                   ; 0           ; 0          ; 0            ; 0       ; 0         ; 0    ; 0            ; 0          ; |top_level|clk_gen:U_CLK_GEN|clk_div:U_CLK_DIV ; clk_div     ; work         ;
;    |counter:U_COUNTER|     ; 7 (7)               ; 4 (4)                     ; 0           ; 0          ; 0            ; 0       ; 0         ; 0    ; 0            ; 0          ; |top_level|counter:U_COUNTER                   ; counter     ; work         ;
;    |decoder7seg:U_LED4|    ; 7 (7)               ; 0 (0)                     ; 0           ; 0          ; 0            ; 0       ; 0         ; 0    ; 0            ; 0          ; |top_level|decoder7seg:U_LED4                  ; decoder7seg ; work         ;
;    |decoder7seg:U_LED5|    ; 7 (7)               ; 0 (0)                     ; 0           ; 0          ; 0            ; 0       ; 0         ; 0    ; 0            ; 0          ; |top_level|decoder7seg:U_LED5                  ; decoder7seg ; work         ;
;    |gray2:U_GRAY|          ; 12 (12)             ; 16 (16)                   ; 0           ; 0          ; 0            ; 0       ; 0         ; 0    ; 0            ; 0          ; |top_level|gray2:U_GRAY                        ; gray2       ; work         ;
+----------------------------+---------------------+---------------------------+-------------+------------+--------------+---------+-----------+------+--------------+------------+------------------------------------------------+-------------+--------------+
Note: For table entries with two numbers listed, the numbers in parentheses indicate the number of resources of the given type used by the specific entity alone. The numbers listed outside of parentheses indicate the total resources of the given type used by the specific entity and all of its sub-entities in the hierarchy.


Encoding Type:  One-Hot
+-------------------------------------------------------------------------------------------------------------------------------------------------------------------------------------------------------------------------------------------------------------------------------+
; State Machine - |top_level|gray2:U_GRAY|state                                                                                                                                                                                                                                 ;
+---------------+---------------+---------------+---------------+---------------+---------------+---------------+---------------+---------------+---------------+---------------+---------------+---------------+---------------+---------------+---------------+---------------+
; Name          ; state.STATE_8 ; state.STATE_9 ; state.STATE_B ; state.STATE_A ; state.STATE_E ; state.STATE_F ; state.STATE_D ; state.STATE_C ; state.STATE_4 ; state.STATE_5 ; state.STATE_7 ; state.STATE_6 ; state.STATE_2 ; state.STATE_3 ; state.STATE_1 ; state.STATE_0 ;
+---------------+---------------+---------------+---------------+---------------+---------------+---------------+---------------+---------------+---------------+---------------+---------------+---------------+---------------+---------------+---------------+---------------+
; state.STATE_0 ; 0             ; 0             ; 0             ; 0             ; 0             ; 0             ; 0             ; 0             ; 0             ; 0             ; 0             ; 0             ; 0             ; 0             ; 0             ; 0             ;
; state.STATE_1 ; 0             ; 0             ; 0             ; 0             ; 0             ; 0             ; 0             ; 0             ; 0             ; 0             ; 0             ; 0             ; 0             ; 0             ; 1             ; 1             ;
; state.STATE_3 ; 0             ; 0             ; 0             ; 0             ; 0             ; 0             ; 0             ; 0             ; 0             ; 0             ; 0             ; 0             ; 0             ; 1             ; 0             ; 1             ;
; state.STATE_2 ; 0             ; 0             ; 0             ; 0             ; 0             ; 0             ; 0             ; 0             ; 0             ; 0             ; 0             ; 0             ; 1             ; 0             ; 0             ; 1             ;
; state.STATE_6 ; 0             ; 0             ; 0             ; 0             ; 0             ; 0             ; 0             ; 0             ; 0             ; 0             ; 0             ; 1             ; 0             ; 0             ; 0             ; 1             ;
; state.STATE_7 ; 0             ; 0             ; 0             ; 0             ; 0             ; 0             ; 0             ; 0             ; 0             ; 0             ; 1             ; 0             ; 0             ; 0             ; 0             ; 1             ;
; state.STATE_5 ; 0             ; 0             ; 0             ; 0             ; 0             ; 0             ; 0             ; 0             ; 0             ; 1             ; 0             ; 0             ; 0             ; 0             ; 0             ; 1             ;
; state.STATE_4 ; 0             ; 0             ; 0             ; 0             ; 0             ; 0             ; 0             ; 0             ; 1             ; 0             ; 0             ; 0             ; 0             ; 0             ; 0             ; 1             ;
; state.STATE_C ; 0             ; 0             ; 0             ; 0             ; 0             ; 0             ; 0             ; 1             ; 0             ; 0             ; 0             ; 0             ; 0             ; 0             ; 0             ; 1             ;
; state.STATE_D ; 0             ; 0             ; 0             ; 0             ; 0             ; 0             ; 1             ; 0             ; 0             ; 0             ; 0             ; 0             ; 0             ; 0             ; 0             ; 1             ;
; state.STATE_F ; 0             ; 0             ; 0             ; 0             ; 0             ; 1             ; 0             ; 0             ; 0             ; 0             ; 0             ; 0             ; 0             ; 0             ; 0             ; 1             ;
; state.STATE_E ; 0             ; 0             ; 0             ; 0             ; 1             ; 0             ; 0             ; 0             ; 0             ; 0             ; 0             ; 0             ; 0             ; 0             ; 0             ; 1             ;
; state.STATE_A ; 0             ; 0             ; 0             ; 1             ; 0             ; 0             ; 0             ; 0             ; 0             ; 0             ; 0             ; 0             ; 0             ; 0             ; 0             ; 1             ;
; state.STATE_B ; 0             ; 0             ; 1             ; 0             ; 0             ; 0             ; 0             ; 0             ; 0             ; 0             ; 0             ; 0             ; 0             ; 0             ; 0             ; 1             ;
; state.STATE_9 ; 0             ; 1             ; 0             ; 0             ; 0             ; 0             ; 0             ; 0             ; 0             ; 0             ; 0             ; 0             ; 0             ; 0             ; 0             ; 1             ;
; state.STATE_8 ; 1             ; 0             ; 0             ; 0             ; 0             ; 0             ; 0             ; 0             ; 0             ; 0             ; 0             ; 0             ; 0             ; 0             ; 0             ; 1             ;
+---------------+---------------+---------------+---------------+---------------+---------------+---------------+---------------+---------------+---------------+---------------+---------------+---------------+---------------+---------------+---------------+---------------+


+------------------------------------------------------+
; General Register Statistics                          ;
+----------------------------------------------+-------+
; Statistic                                    ; Value ;
+----------------------------------------------+-------+
; Total registers                              ; 86    ;
; Number of registers using Synchronous Clear  ; 0     ;
; Number of registers using Synchronous Load   ; 0     ;
; Number of registers using Asynchronous Clear ; 86    ;
; Number of registers using Asynchronous Load  ; 0     ;
; Number of registers using Clock Enable       ; 0     ;
; Number of registers using Preset             ; 0     ;
+----------------------------------------------+-------+


+------------------------------------------------------------------------------------------------------------------------------------------------------+
; Multiplexer Restructuring Statistics (Restructuring Performed)                                                                                       ;
+--------------------+-----------+---------------+----------------------+------------------------+------------+----------------------------------------+
; Multiplexer Inputs ; Bus Width ; Baseline Area ; Area if Restructured ; Saving if Restructured ; Registered ; Example Multiplexer Output             ;
+--------------------+-----------+---------------+----------------------+------------------------+------------+----------------------------------------+
; 3:1                ; 30 bits   ; 60 LEs        ; 30 LEs               ; 30 LEs                 ; Yes        ; |top_level|clk_gen:U_CLK_GEN|count[4]  ;
; 3:1                ; 2 bits    ; 4 LEs         ; 4 LEs                ; 0 LEs                  ; Yes        ; |top_level|clk_gen:U_CLK_GEN|count[31] ;
+--------------------+-----------+---------------+----------------------+------------------------+------------+----------------------------------------+


+----------------------------------------------------------------+
; Parameter Settings for User Entity Instance: clk_gen:U_CLK_GEN ;
+----------------+-------+---------------------------------------+
; Parameter Name ; Value ; Type                                  ;
+----------------+-------+---------------------------------------+
; ms_period      ; 1000  ; Signed Integer                        ;
+----------------+-------+---------------------------------------+
Note: In order to hide this table in the UI and the text report file, please set the "Show Parameter Settings in Synthesis Report" option in "Analysis and Synthesis Settings -> More Settings" to "Off".


+----------------------------------------------------------------------------------+
; Parameter Settings for User Entity Instance: clk_gen:U_CLK_GEN|clk_div:U_CLK_DIV ;
+----------------+----------+------------------------------------------------------+
; Parameter Name ; Value    ; Type                                                 ;
+----------------+----------+------------------------------------------------------+
; clk_in_freq    ; 50000000 ; Signed Integer                                       ;
; clk_out_freq   ; 1000     ; Signed Integer                                       ;
+----------------+----------+------------------------------------------------------+
Note: In order to hide this table in the UI and the text report file, please set the "Show Parameter Settings in Synthesis Report" option in "Analysis and Synthesis Settings -> More Settings" to "Off".


+------------------------------------------------+
; Port Connectivity Checks: "decoder7seg:U_LED0" ;
+-------+-------+----------+---------------------+
; Port  ; Type  ; Severity ; Details             ;
+-------+-------+----------+---------------------+
; input ; Input ; Info     ; Stuck at GND        ;
+-------+-------+----------+---------------------+


+------------------------------------------------+
; Port Connectivity Checks: "decoder7seg:U_LED1" ;
+-------+-------+----------+---------------------+
; Port  ; Type  ; Severity ; Details             ;
+-------+-------+----------+---------------------+
; input ; Input ; Info     ; Stuck at GND        ;
+-------+-------+----------+---------------------+


+------------------------------------------------+
; Port Connectivity Checks: "decoder7seg:U_LED2" ;
+-------+-------+----------+---------------------+
; Port  ; Type  ; Severity ; Details             ;
+-------+-------+----------+---------------------+
; input ; Input ; Info     ; Stuck at GND        ;
+-------+-------+----------+---------------------+


+------------------------------------------------+
; Port Connectivity Checks: "decoder7seg:U_LED3" ;
+-------+-------+----------+---------------------+
; Port  ; Type  ; Severity ; Details             ;
+-------+-------+----------+---------------------+
; input ; Input ; Info     ; Stuck at GND        ;
+-------+-------+----------+---------------------+


+-----------------------------------------------------+
; Post-Synthesis Netlist Statistics for Top Partition ;
+-----------------------+-----------------------------+
; Type                  ; Count                       ;
+-----------------------+-----------------------------+
; boundary_port         ; 63                          ;
; cycloneiii_ff         ; 86                          ;
;     CLR               ; 86                          ;
; cycloneiii_io_obuf    ; 1                           ;
; cycloneiii_lcell_comb ; 163                         ;
;     arith             ; 62                          ;
;         2 data inputs ; 62                          ;
;     normal            ; 101                         ;
;         0 data inputs ; 2                           ;
;         1 data inputs ; 8                           ;
;         2 data inputs ; 11                          ;
;         3 data inputs ; 3                           ;
;         4 data inputs ; 77                          ;
;                       ;                             ;
; Max LUT depth         ; 5.10                        ;
; Average LUT depth     ; 3.50                        ;
+-----------------------+-----------------------------+


+-------------------------------+
; Elapsed Time Per Partition    ;
+----------------+--------------+
; Partition Name ; Elapsed Time ;
+----------------+--------------+
; Top            ; 00:00:01     ;
+----------------+--------------+


+-------------------------------+
; Analysis & Synthesis Messages ;
+-------------------------------+
Info: *******************************************************************
Info: Running Quartus Prime Analysis & Synthesis
    Info: Version 17.1.0 Build 590 10/25/2017 SJ Lite Edition
    Info: Processing started: Tue Feb 19 13:25:49 2019
Info: Command: quartus_map --read_settings_files=on --write_settings_files=off board -c top_level
Warning (18236): Number of processors has not been specified which may cause overloading on shared machines.  Set the global assignment NUM_PARALLEL_PROCESSORS in your QSF to an appropriate value for best performance.
Info (20030): Parallel compilation is enabled and will use 2 of the 2 processors detected
Info (12021): Found 2 design units, including 1 entities, in source file /github/digital-design/lab-4/top_level.vhd
    Info (12022): Found design unit 1: top_level-STR File: Y:/GitHub/digital-design/Lab-4/top_level.vhd Line: 43
    Info (12023): Found entity 1: top_level File: Y:/GitHub/digital-design/Lab-4/top_level.vhd Line: 21
Info (12021): Found 2 design units, including 1 entities, in source file /github/digital-design/lab-4/gray2.vhd
    Info (12022): Found design unit 1: gray2-default File: Y:/GitHub/digital-design/Lab-4/gray2.vhd Line: 11
    Info (12023): Found entity 1: gray2 File: Y:/GitHub/digital-design/Lab-4/gray2.vhd Line: 4
Info (12021): Found 2 design units, including 1 entities, in source file /github/digital-design/lab-4/decoder7seg.vhd
    Info (12022): Found design unit 1: decoder7seg-BHV File: Y:/GitHub/digital-design/Lab-4/decoder7seg.vhd Line: 10
    Info (12023): Found entity 1: decoder7seg File: Y:/GitHub/digital-design/Lab-4/decoder7seg.vhd Line: 4
Info (12021): Found 2 design units, including 1 entities, in source file /github/digital-design/lab-4/counter.vhd
    Info (12022): Found design unit 1: counter-default File: Y:/GitHub/digital-design/Lab-4/counter.vhd Line: 15
    Info (12023): Found entity 1: counter File: Y:/GitHub/digital-design/Lab-4/counter.vhd Line: 5
Info (12021): Found 2 design units, including 1 entities, in source file /github/digital-design/lab-4/clk_gen.vhd
    Info (12022): Found design unit 1: clk_gen-default File: Y:/GitHub/digital-design/Lab-4/clk_gen.vhd Line: 17
    Info (12023): Found entity 1: clk_gen File: Y:/GitHub/digital-design/Lab-4/clk_gen.vhd Line: 6
Info (12021): Found 2 design units, including 1 entities, in source file /github/digital-design/lab-4/clk_div.vhd
    Info (12022): Found design unit 1: clk_div-BHV File: Y:/GitHub/digital-design/Lab-4/clk_div.vhd Line: 15
    Info (12023): Found entity 1: clk_div File: Y:/GitHub/digital-design/Lab-4/clk_div.vhd Line: 6
Info (12127): Elaborating entity "top_level" for the top level hierarchy
Info (12128): Elaborating entity "gray2" for hierarchy "gray2:U_GRAY" File: Y:/GitHub/digital-design/Lab-4/top_level.vhd Line: 87
Info (12128): Elaborating entity "counter" for hierarchy "counter:U_COUNTER" File: Y:/GitHub/digital-design/Lab-4/top_level.vhd Line: 92
Info (12128): Elaborating entity "clk_gen" for hierarchy "clk_gen:U_CLK_GEN" File: Y:/GitHub/digital-design/Lab-4/top_level.vhd Line: 100
Info (12128): Elaborating entity "clk_div" for hierarchy "clk_gen:U_CLK_GEN|clk_div:U_CLK_DIV" File: Y:/GitHub/digital-design/Lab-4/clk_gen.vhd Line: 21
Info (12128): Elaborating entity "decoder7seg" for hierarchy "decoder7seg:U_LED5" File: Y:/GitHub/digital-design/Lab-4/top_level.vhd Line: 109
Warning (13034): The following nodes have both tri-state and non-tri-state drivers
    Warning (13035): Inserted always-enabled tri-state buffer between "clk_gen_out" and its non-tri-state driver. File: Y:/GitHub/digital-design/Lab-4/top_level.vhd Line: 39
Info (13060): One or more bidirectional pins are fed by always enabled tri-state buffers
    Info (13061): Fan-out of permanently enabled tri-state buffer feeding bidirectional pin "clk_gen_out" is moved to its source File: Y:/GitHub/digital-design/Lab-4/top_level.vhd Line: 39
Warning (13009): TRI or OPNDRN buffers permanently enabled
    Warning (13010): Node "clk_gen_out~synth" File: Y:/GitHub/digital-design/Lab-4/top_level.vhd Line: 39
Warning (13024): Output pins are stuck at VCC or GND
    Warning (13410): Pin "led0[0]" is stuck at VCC File: Y:/GitHub/digital-design/Lab-4/top_level.vhd Line: 27
    Warning (13410): Pin "led0[1]" is stuck at GND File: Y:/GitHub/digital-design/Lab-4/top_level.vhd Line: 27
    Warning (13410): Pin "led0[2]" is stuck at GND File: Y:/GitHub/digital-design/Lab-4/top_level.vhd Line: 27
    Warning (13410): Pin "led0[3]" is stuck at GND File: Y:/GitHub/digital-design/Lab-4/top_level.vhd Line: 27
    Warning (13410): Pin "led0[4]" is stuck at GND File: Y:/GitHub/digital-design/Lab-4/top_level.vhd Line: 27
    Warning (13410): Pin "led0[5]" is stuck at GND File: Y:/GitHub/digital-design/Lab-4/top_level.vhd Line: 27
    Warning (13410): Pin "led0[6]" is stuck at GND File: Y:/GitHub/digital-design/Lab-4/top_level.vhd Line: 27
    Warning (13410): Pin "led0_dp" is stuck at VCC File: Y:/GitHub/digital-design/Lab-4/top_level.vhd Line: 28
    Warning (13410): Pin "led1[0]" is stuck at VCC File: Y:/GitHub/digital-design/Lab-4/top_level.vhd Line: 29
    Warning (13410): Pin "led1[1]" is stuck at GND File: Y:/GitHub/digital-design/Lab-4/top_level.vhd Line: 29
    Warning (13410): Pin "led1[2]" is stuck at GND File: Y:/GitHub/digital-design/Lab-4/top_level.vhd Line: 29
    Warning (13410): Pin "led1[3]" is stuck at GND File: Y:/GitHub/digital-design/Lab-4/top_level.vhd Line: 29
    Warning (13410): Pin "led1[4]" is stuck at GND File: Y:/GitHub/digital-design/Lab-4/top_level.vhd Line: 29
    Warning (13410): Pin "led1[5]" is stuck at GND File: Y:/GitHub/digital-design/Lab-4/top_level.vhd Line: 29
    Warning (13410): Pin "led1[6]" is stuck at GND File: Y:/GitHub/digital-design/Lab-4/top_level.vhd Line: 29
    Warning (13410): Pin "led1_dp" is stuck at VCC File: Y:/GitHub/digital-design/Lab-4/top_level.vhd Line: 30
    Warning (13410): Pin "led2[0]" is stuck at VCC File: Y:/GitHub/digital-design/Lab-4/top_level.vhd Line: 31
    Warning (13410): Pin "led2[1]" is stuck at GND File: Y:/GitHub/digital-design/Lab-4/top_level.vhd Line: 31
    Warning (13410): Pin "led2[2]" is stuck at GND File: Y:/GitHub/digital-design/Lab-4/top_level.vhd Line: 31
    Warning (13410): Pin "led2[3]" is stuck at GND File: Y:/GitHub/digital-design/Lab-4/top_level.vhd Line: 31
    Warning (13410): Pin "led2[4]" is stuck at GND File: Y:/GitHub/digital-design/Lab-4/top_level.vhd Line: 31
    Warning (13410): Pin "led2[5]" is stuck at GND File: Y:/GitHub/digital-design/Lab-4/top_level.vhd Line: 31
    Warning (13410): Pin "led2[6]" is stuck at GND File: Y:/GitHub/digital-design/Lab-4/top_level.vhd Line: 31
    Warning (13410): Pin "led2_dp" is stuck at VCC File: Y:/GitHub/digital-design/Lab-4/top_level.vhd Line: 32
    Warning (13410): Pin "led3[0]" is stuck at VCC File: Y:/GitHub/digital-design/Lab-4/top_level.vhd Line: 33
    Warning (13410): Pin "led3[1]" is stuck at GND File: Y:/GitHub/digital-design/Lab-4/top_level.vhd Line: 33
    Warning (13410): Pin "led3[2]" is stuck at GND File: Y:/GitHub/digital-design/Lab-4/top_level.vhd Line: 33
    Warning (13410): Pin "led3[3]" is stuck at GND File: Y:/GitHub/digital-design/Lab-4/top_level.vhd Line: 33
    Warning (13410): Pin "led3[4]" is stuck at GND File: Y:/GitHub/digital-design/Lab-4/top_level.vhd Line: 33
    Warning (13410): Pin "led3[5]" is stuck at GND File: Y:/GitHub/digital-design/Lab-4/top_level.vhd Line: 33
    Warning (13410): Pin "led3[6]" is stuck at GND File: Y:/GitHub/digital-design/Lab-4/top_level.vhd Line: 33
    Warning (13410): Pin "led3_dp" is stuck at VCC File: Y:/GitHub/digital-design/Lab-4/top_level.vhd Line: 34
    Warning (13410): Pin "led4_dp" is stuck at VCC File: Y:/GitHub/digital-design/Lab-4/top_level.vhd Line: 36
    Warning (13410): Pin "led5_dp" is stuck at VCC File: Y:/GitHub/digital-design/Lab-4/top_level.vhd Line: 38
Info (286030): Timing-Driven Synthesis is running
Critical Warning (18061): Ignored Power-Up Level option on the following registers
    Critical Warning (18010): Register clk_gen:U_CLK_GEN|count[31] will power up to Low File: Y:/GitHub/digital-design/Lab-4/clk_gen.vhd Line: 34
    Critical Warning (18010): Register clk_gen:U_CLK_GEN|count[0] will power up to Low File: Y:/GitHub/digital-design/Lab-4/clk_gen.vhd Line: 34
    Critical Warning (18010): Register clk_gen:U_CLK_GEN|clk_div:U_CLK_DIV|count[31] will power up to Low File: Y:/GitHub/digital-design/Lab-4/clk_div.vhd Line: 24
    Critical Warning (18010): Register clk_gen:U_CLK_GEN|clk_div:U_CLK_DIV|count[0] will power up to Low File: Y:/GitHub/digital-design/Lab-4/clk_div.vhd Line: 24
Info (16010): Generating hard_block partition "hard_block:auto_generated_inst"
    Info (16011): Adding 0 node(s), including 0 DDIO, 0 PLL, 0 transceiver and 0 LCELL
Warning (21074): Design contains 5 input pin(s) that do not drive logic
    Warning (15610): No output dependent on input pin "switch[0]" File: Y:/GitHub/digital-design/Lab-4/top_level.vhd Line: 25
    Warning (15610): No output dependent on input pin "switch[1]" File: Y:/GitHub/digital-design/Lab-4/top_level.vhd Line: 25
    Warning (15610): No output dependent on input pin "switch[2]" File: Y:/GitHub/digital-design/Lab-4/top_level.vhd Line: 25
    Warning (15610): No output dependent on input pin "switch[3]" File: Y:/GitHub/digital-design/Lab-4/top_level.vhd Line: 25
    Warning (15610): No output dependent on input pin "button[0]" File: Y:/GitHub/digital-design/Lab-4/top_level.vhd Line: 26
Info (21057): Implemented 235 device resources after synthesis - the final resource count might be different
    Info (21058): Implemented 14 input pins
    Info (21059): Implemented 48 output pins
    Info (21060): Implemented 1 bidirectional pins
    Info (21061): Implemented 172 logic cells
Info: Quartus Prime Analysis & Synthesis was successful. 0 errors, 51 warnings
    Info: Peak virtual memory: 4805 megabytes
    Info: Processing ended: Tue Feb 19 13:27:07 2019
    Info: Elapsed time: 00:01:18
    Info: Total CPU time (on all processors): 00:00:44


