Analysis & Synthesis report for alu_sla
Wed Jan 23 19:32:10 2019
Quartus Prime Version 17.1.0 Build 590 10/25/2017 SJ Lite Edition


---------------------
; Table of Contents ;
---------------------
  1. Legal Notice
  2. Analysis & Synthesis Summary
  3. Analysis & Synthesis Settings
  4. Parallel Compilation
  5. Analysis & Synthesis Source Files Read
  6. Analysis & Synthesis Resource Usage Summary
  7. Analysis & Synthesis Resource Utilization by Entity
  8. General Register Statistics
  9. Multiplexer Restructuring Statistics (Restructuring Performed)
 10. Parameter Settings for User Entity Instance: Top-level Entity: |alu_sla
 11. Parameter Settings for Inferred Entity Instance: lpm_mult:Mult0
 12. lpm_mult Parameter Settings by Entity Instance
 13. Analysis & Synthesis Messages



----------------
; Legal Notice ;
----------------
Copyright (C) 2017  Intel Corporation. All rights reserved.
Your use of Intel Corporation's design tools, logic functions 
and other software and tools, and its AMPP partner logic 
functions, and any output files from any of the foregoing 
(including device programming or simulation files), and any 
associated documentation or information are expressly subject 
to the terms and conditions of the Intel Program License 
Subscription Agreement, the Intel Quartus Prime License Agreement,
the Intel FPGA IP License Agreement, or other applicable license
agreement, including, without limitation, that your use is for
the sole purpose of programming logic devices manufactured by
Intel and sold by Intel or its authorized distributors.  Please
refer to the applicable agreement for further details.



+---------------------------------------------------------------------------+
; Analysis & Synthesis Summary                                              ;
+-----------------------------+---------------------------------------------+
; Analysis & Synthesis Status ; Successful - Wed Jan 23 19:32:10 2019       ;
; Quartus Prime Version       ; 17.1.0 Build 590 10/25/2017 SJ Lite Edition ;
; Revision Name               ; alu_sla                                     ;
; Top-level Entity Name       ; alu_sla                                     ;
; Family                      ; MAX II                                      ;
; Total logic elements        ; 534                                         ;
; Total pins                  ; 53                                          ;
; Total virtual pins          ; 0                                           ;
; UFM blocks                  ; 0 / 1 ( 0 % )                               ;
+-----------------------------+---------------------------------------------+


+----------------------------------------------------------------------------------------------------------------------+
; Analysis & Synthesis Settings                                                                                        ;
+----------------------------------------------------------------------------+--------------------+--------------------+
; Option                                                                     ; Setting            ; Default Value      ;
+----------------------------------------------------------------------------+--------------------+--------------------+
; Top-level entity name                                                      ; alu_sla            ; alu_sla            ;
; Family name                                                                ; MAX II             ; Cyclone V          ;
; Use smart compilation                                                      ; Off                ; Off                ;
; Enable parallel Assembler and TimeQuest Timing Analyzer during compilation ; On                 ; On                 ;
; Enable compact report table                                                ; Off                ; Off                ;
; Restructure Multiplexers                                                   ; Auto               ; Auto               ;
; Create Debugging Nodes for IP Cores                                        ; Off                ; Off                ;
; Preserve fewer node names                                                  ; On                 ; On                 ;
; Intel FPGA IP Evaluation Mode                                              ; Enable             ; Enable             ;
; Verilog Version                                                            ; Verilog_2001       ; Verilog_2001       ;
; VHDL Version                                                               ; VHDL_1993          ; VHDL_1993          ;
; State Machine Processing                                                   ; Auto               ; Auto               ;
; Safe State Machine                                                         ; Off                ; Off                ;
; Extract Verilog State Machines                                             ; On                 ; On                 ;
; Extract VHDL State Machines                                                ; On                 ; On                 ;
; Ignore Verilog initial constructs                                          ; Off                ; Off                ;
; Iteration limit for constant Verilog loops                                 ; 5000               ; 5000               ;
; Iteration limit for non-constant Verilog loops                             ; 250                ; 250                ;
; Add Pass-Through Logic to Inferred RAMs                                    ; On                 ; On                 ;
; Infer RAMs from Raw Logic                                                  ; On                 ; On                 ;
; Parallel Synthesis                                                         ; On                 ; On                 ;
; NOT Gate Push-Back                                                         ; On                 ; On                 ;
; Power-Up Don't Care                                                        ; On                 ; On                 ;
; Remove Redundant Logic Cells                                               ; Off                ; Off                ;
; Remove Duplicate Registers                                                 ; On                 ; On                 ;
; Ignore CARRY Buffers                                                       ; Off                ; Off                ;
; Ignore CASCADE Buffers                                                     ; Off                ; Off                ;
; Ignore GLOBAL Buffers                                                      ; Off                ; Off                ;
; Ignore ROW GLOBAL Buffers                                                  ; Off                ; Off                ;
; Ignore LCELL Buffers                                                       ; Off                ; Off                ;
; Ignore SOFT Buffers                                                        ; On                 ; On                 ;
; Limit AHDL Integers to 32 Bits                                             ; Off                ; Off                ;
; Optimization Technique                                                     ; Balanced           ; Balanced           ;
; Carry Chain Length                                                         ; 70                 ; 70                 ;
; Auto Carry Chains                                                          ; On                 ; On                 ;
; Auto Open-Drain Pins                                                       ; On                 ; On                 ;
; Perform WYSIWYG Primitive Resynthesis                                      ; Off                ; Off                ;
; Auto Shift Register Replacement                                            ; Auto               ; Auto               ;
; Allow Shift Register Merging across Hierarchies                            ; Auto               ; Auto               ;
; Auto Clock Enable Replacement                                              ; On                 ; On                 ;
; Allow Synchronous Control Signals                                          ; On                 ; On                 ;
; Force Use of Synchronous Clear Signals                                     ; Off                ; Off                ;
; Auto Resource Sharing                                                      ; Off                ; Off                ;
; Use LogicLock Constraints during Resource Balancing                        ; On                 ; On                 ;
; Ignore translate_off and synthesis_off directives                          ; Off                ; Off                ;
; Report Parameter Settings                                                  ; On                 ; On                 ;
; Report Source Assignments                                                  ; On                 ; On                 ;
; Report Connectivity Checks                                                 ; On                 ; On                 ;
; Ignore Maximum Fan-Out Assignments                                         ; Off                ; Off                ;
; Synchronization Register Chain Length                                      ; 2                  ; 2                  ;
; Power Optimization During Synthesis                                        ; Normal compilation ; Normal compilation ;
; HDL message level                                                          ; Level2             ; Level2             ;
; Suppress Register Optimization Related Messages                            ; Off                ; Off                ;
; Number of Removed Registers Reported in Synthesis Report                   ; 5000               ; 5000               ;
; Number of Swept Nodes Reported in Synthesis Report                         ; 5000               ; 5000               ;
; Number of Inverted Registers Reported in Synthesis Report                  ; 100                ; 100                ;
; Clock MUX Protection                                                       ; On                 ; On                 ;
; Block Design Naming                                                        ; Auto               ; Auto               ;
; Synthesis Effort                                                           ; Auto               ; Auto               ;
; Shift Register Replacement - Allow Asynchronous Clear Signal               ; On                 ; On                 ;
; Analysis & Synthesis Message Level                                         ; Medium             ; Medium             ;
; Disable Register Merging Across Hierarchies                                ; Auto               ; Auto               ;
+----------------------------------------------------------------------------+--------------------+--------------------+


+------------------------------------------+
; Parallel Compilation                     ;
+----------------------------+-------------+
; Processors                 ; Number      ;
+----------------------------+-------------+
; Number detected on machine ; 2           ;
; Maximum allowed            ; 2           ;
;                            ;             ;
; Average used               ; 1.00        ;
; Maximum used               ; 1           ;
;                            ;             ;
; Usage by Processor         ; % Time Used ;
;     Processor 1            ; 100.0%      ;
+----------------------------+-------------+


+----------------------------------------------------------------------------------------------------------------------------------------------------------------------+
; Analysis & Synthesis Source Files Read                                                                                                                               ;
+----------------------------------+-----------------+------------------------------+------------------------------------------------------------------------+---------+
; File Name with User-Entered Path ; Used in Netlist ; File Type                    ; File Name with Absolute Path                                           ; Library ;
+----------------------------------+-----------------+------------------------------+------------------------------------------------------------------------+---------+
; alu_sla.vhd                      ; yes             ; User VHDL File               ; Z:/GitHub/digital-design/Lab-2/alu_sla/alu_sla.vhd                     ;         ;
; lpm_mult.tdf                     ; yes             ; Megafunction                 ; c:/intelfpga_lite/17.1/quartus/libraries/megafunctions/lpm_mult.tdf    ;         ;
; aglobal171.inc                   ; yes             ; Megafunction                 ; c:/intelfpga_lite/17.1/quartus/libraries/megafunctions/aglobal171.inc  ;         ;
; lpm_add_sub.inc                  ; yes             ; Megafunction                 ; c:/intelfpga_lite/17.1/quartus/libraries/megafunctions/lpm_add_sub.inc ;         ;
; multcore.inc                     ; yes             ; Megafunction                 ; c:/intelfpga_lite/17.1/quartus/libraries/megafunctions/multcore.inc    ;         ;
; bypassff.inc                     ; yes             ; Megafunction                 ; c:/intelfpga_lite/17.1/quartus/libraries/megafunctions/bypassff.inc    ;         ;
; altshift.inc                     ; yes             ; Megafunction                 ; c:/intelfpga_lite/17.1/quartus/libraries/megafunctions/altshift.inc    ;         ;
; db/mult_ers.tdf                  ; yes             ; Auto-Generated Megafunction  ; Z:/GitHub/digital-design/Lab-2/alu_sla/db/mult_ers.tdf                 ;         ;
+----------------------------------+-----------------+------------------------------+------------------------------------------------------------------------+---------+


+------------------------------------------------------+
; Analysis & Synthesis Resource Usage Summary          ;
+---------------------------------------------+--------+
; Resource                                    ; Usage  ;
+---------------------------------------------+--------+
; Total logic elements                        ; 534    ;
;     -- Combinational with no register       ; 534    ;
;     -- Register only                        ; 0      ;
;     -- Combinational with a register        ; 0      ;
;                                             ;        ;
; Logic element usage by number of LUT inputs ;        ;
;     -- 4 input functions                    ; 243    ;
;     -- 3 input functions                    ; 214    ;
;     -- 2 input functions                    ; 54     ;
;     -- 1 input functions                    ; 21     ;
;     -- 0 input functions                    ; 2      ;
;                                             ;        ;
; Logic elements by mode                      ;        ;
;     -- normal mode                          ; 328    ;
;     -- arithmetic mode                      ; 206    ;
;     -- qfbk mode                            ; 0      ;
;     -- register cascade mode                ; 0      ;
;     -- synchronous clear/load mode          ; 0      ;
;     -- asynchronous clear/load mode         ; 0      ;
;                                             ;        ;
; Total registers                             ; 0      ;
; Total logic cells in carry chains           ; 218    ;
; I/O pins                                    ; 53     ;
; Maximum fan-out node                        ; sel[2] ;
; Maximum fan-out                             ; 87     ;
; Total fan-out                               ; 1760   ;
; Average fan-out                             ; 3.00   ;
+---------------------------------------------+--------+


+---------------------------------------------------------------------------------------------------------------------------------------------------------------------------------------------------------------------------------------------------------------------+
; Analysis & Synthesis Resource Utilization by Entity                                                                                                                                                                                                                 ;
+---------------------------------+-------------+--------------+------------+------+--------------+--------------+-------------------+------------------+-----------------+------------+-------------------------------------------------+-------------+--------------+
; Compilation Hierarchy Node      ; Logic Cells ; LC Registers ; UFM Blocks ; Pins ; Virtual Pins ; LUT-Only LCs ; Register-Only LCs ; LUT/Register LCs ; Carry Chain LCs ; Packed LCs ; Full Hierarchy Name                             ; Entity Name ; Library Name ;
+---------------------------------+-------------+--------------+------------+------+--------------+--------------+-------------------+------------------+-----------------+------------+-------------------------------------------------+-------------+--------------+
; |alu_sla                        ; 534 (188)   ; 0            ; 0          ; 53   ; 0            ; 534 (188)    ; 0 (0)             ; 0 (0)            ; 218 (33)        ; 0 (0)      ; |alu_sla                                        ; alu_sla     ; work         ;
;    |lpm_mult:Mult0|             ; 346 (0)     ; 0            ; 0          ; 0    ; 0            ; 346 (0)      ; 0 (0)             ; 0 (0)            ; 185 (0)         ; 0 (0)      ; |alu_sla|lpm_mult:Mult0                         ; lpm_mult    ; work         ;
;       |mult_ers:auto_generated| ; 346 (346)   ; 0            ; 0          ; 0    ; 0            ; 346 (346)    ; 0 (0)             ; 0 (0)            ; 185 (185)       ; 0 (0)      ; |alu_sla|lpm_mult:Mult0|mult_ers:auto_generated ; mult_ers    ; work         ;
+---------------------------------+-------------+--------------+------------+------+--------------+--------------+-------------------+------------------+-----------------+------------+-------------------------------------------------+-------------+--------------+
Note: For table entries with two numbers listed, the numbers in parentheses indicate the number of resources of the given type used by the specific entity alone. The numbers listed outside of parentheses indicate the total resources of the given type used by the specific entity and all of its sub-entities in the hierarchy.


+------------------------------------------------------+
; General Register Statistics                          ;
+----------------------------------------------+-------+
; Statistic                                    ; Value ;
+----------------------------------------------+-------+
; Total registers                              ; 0     ;
; Number of registers using Synchronous Clear  ; 0     ;
; Number of registers using Synchronous Load   ; 0     ;
; Number of registers using Asynchronous Clear ; 0     ;
; Number of registers using Asynchronous Load  ; 0     ;
; Number of registers using Clock Enable       ; 0     ;
; Number of registers using Preset             ; 0     ;
+----------------------------------------------+-------+


+------------------------------------------------------------------------------------------------------------------------------------------+
; Multiplexer Restructuring Statistics (Restructuring Performed)                                                                           ;
+--------------------+-----------+---------------+----------------------+------------------------+------------+----------------------------+
; Multiplexer Inputs ; Bus Width ; Baseline Area ; Area if Restructured ; Saving if Restructured ; Registered ; Example Multiplexer Output ;
+--------------------+-----------+---------------+----------------------+------------------------+------------+----------------------------+
; 12:1               ; 12 bits   ; 96 LEs        ; 96 LEs               ; 0 LEs                  ; No         ; |alu_sla|Mux13             ;
+--------------------+-----------+---------------+----------------------+------------------------+------------+----------------------------+


+-------------------------------------------------------------------------+
; Parameter Settings for User Entity Instance: Top-level Entity: |alu_sla ;
+----------------+-------+------------------------------------------------+
; Parameter Name ; Value ; Type                                           ;
+----------------+-------+------------------------------------------------+
; WIDTH          ; 16    ; Signed Integer                                 ;
+----------------+-------+------------------------------------------------+
Note: In order to hide this table in the UI and the text report file, please set the "Show Parameter Settings in Synthesis Report" option in "Analysis and Synthesis Settings -> More Settings" to "Off".


+---------------------------------------------------------------------------------+
; Parameter Settings for Inferred Entity Instance: lpm_mult:Mult0                 ;
+------------------------------------------------+----------+---------------------+
; Parameter Name                                 ; Value    ; Type                ;
+------------------------------------------------+----------+---------------------+
; AUTO_CARRY_CHAINS                              ; ON       ; AUTO_CARRY          ;
; IGNORE_CARRY_BUFFERS                           ; OFF      ; IGNORE_CARRY        ;
; AUTO_CASCADE_CHAINS                            ; ON       ; AUTO_CASCADE        ;
; IGNORE_CASCADE_BUFFERS                         ; OFF      ; IGNORE_CASCADE      ;
; LPM_WIDTHA                                     ; 16       ; Untyped             ;
; LPM_WIDTHB                                     ; 16       ; Untyped             ;
; LPM_WIDTHP                                     ; 32       ; Untyped             ;
; LPM_WIDTHR                                     ; 32       ; Untyped             ;
; LPM_WIDTHS                                     ; 1        ; Untyped             ;
; LPM_REPRESENTATION                             ; UNSIGNED ; Untyped             ;
; LPM_PIPELINE                                   ; 0        ; Untyped             ;
; LATENCY                                        ; 0        ; Untyped             ;
; INPUT_A_IS_CONSTANT                            ; NO       ; Untyped             ;
; INPUT_B_IS_CONSTANT                            ; NO       ; Untyped             ;
; USE_EAB                                        ; OFF      ; Untyped             ;
; MAXIMIZE_SPEED                                 ; 6        ; Untyped             ;
; DEVICE_FAMILY                                  ; MAX II   ; Untyped             ;
; CARRY_CHAIN                                    ; MANUAL   ; Untyped             ;
; APEX20K_TECHNOLOGY_MAPPER                      ; LUT      ; TECH_MAPPER_APEX20K ;
; DEDICATED_MULTIPLIER_CIRCUITRY                 ; AUTO     ; Untyped             ;
; DEDICATED_MULTIPLIER_MIN_INPUT_WIDTH_FOR_AUTO  ; 0        ; Untyped             ;
; DEDICATED_MULTIPLIER_MIN_OUTPUT_WIDTH_FOR_AUTO ; 0        ; Untyped             ;
; CBXI_PARAMETER                                 ; mult_ers ; Untyped             ;
; INPUT_A_FIXED_VALUE                            ; Bx       ; Untyped             ;
; INPUT_B_FIXED_VALUE                            ; Bx       ; Untyped             ;
; USE_AHDL_IMPLEMENTATION                        ; OFF      ; Untyped             ;
+------------------------------------------------+----------+---------------------+
Note: In order to hide this table in the UI and the text report file, please set the "Show Parameter Settings in Synthesis Report" option in "Analysis and Synthesis Settings -> More Settings" to "Off".


+--------------------------------------------------------+
; lpm_mult Parameter Settings by Entity Instance         ;
+---------------------------------------+----------------+
; Name                                  ; Value          ;
+---------------------------------------+----------------+
; Number of entity instances            ; 1              ;
; Entity Instance                       ; lpm_mult:Mult0 ;
;     -- LPM_WIDTHA                     ; 16             ;
;     -- LPM_WIDTHB                     ; 16             ;
;     -- LPM_WIDTHP                     ; 32             ;
;     -- LPM_REPRESENTATION             ; UNSIGNED       ;
;     -- INPUT_A_IS_CONSTANT            ; NO             ;
;     -- INPUT_B_IS_CONSTANT            ; NO             ;
;     -- USE_EAB                        ; OFF            ;
;     -- DEDICATED_MULTIPLIER_CIRCUITRY ; AUTO           ;
;     -- INPUT_A_FIXED_VALUE            ; Bx             ;
;     -- INPUT_B_FIXED_VALUE            ; Bx             ;
+---------------------------------------+----------------+


+-------------------------------+
; Analysis & Synthesis Messages ;
+-------------------------------+
Info: *******************************************************************
Info: Running Quartus Prime Analysis & Synthesis
    Info: Version 17.1.0 Build 590 10/25/2017 SJ Lite Edition
    Info: Processing started: Wed Jan 23 19:31:44 2019
Info: Command: quartus_map --read_settings_files=on --write_settings_files=off alu_sla -c alu_sla
Warning (18236): Number of processors has not been specified which may cause overloading on shared machines.  Set the global assignment NUM_PARALLEL_PROCESSORS in your QSF to an appropriate value for best performance.
Info (20030): Parallel compilation is enabled and will use 2 of the 2 processors detected
Info (12021): Found 2 design units, including 1 entities, in source file alu_sla.vhd
    Info (12022): Found design unit 1: alu_sla-BHV File: Z:/GitHub/digital-design/Lab-2/alu_sla/alu_sla.vhd Line: 19
    Info (12023): Found entity 1: alu_sla File: Z:/GitHub/digital-design/Lab-2/alu_sla/alu_sla.vhd Line: 6
Info (12127): Elaborating entity "alu_sla" for the top level hierarchy
Info (278001): Inferred 1 megafunctions from design logic
    Info (278003): Inferred multiplier megafunction ("lpm_mult") from the following logic: "Mult0" File: c:/intelfpga_lite/17.1/quartus/libraries/vhdl/synopsys/ieee/syn_arit.vhd Line: 687
Info (12130): Elaborated megafunction instantiation "lpm_mult:Mult0" File: c:/intelfpga_lite/17.1/quartus/libraries/vhdl/synopsys/ieee/syn_arit.vhd Line: 687
Info (12133): Instantiated megafunction "lpm_mult:Mult0" with the following parameter: File: c:/intelfpga_lite/17.1/quartus/libraries/vhdl/synopsys/ieee/syn_arit.vhd Line: 687
    Info (12134): Parameter "LPM_WIDTHA" = "16"
    Info (12134): Parameter "LPM_WIDTHB" = "16"
    Info (12134): Parameter "LPM_WIDTHP" = "32"
    Info (12134): Parameter "LPM_WIDTHR" = "32"
    Info (12134): Parameter "LPM_WIDTHS" = "1"
    Info (12134): Parameter "LPM_REPRESENTATION" = "UNSIGNED"
    Info (12134): Parameter "INPUT_A_IS_CONSTANT" = "NO"
    Info (12134): Parameter "INPUT_B_IS_CONSTANT" = "NO"
    Info (12134): Parameter "MAXIMIZE_SPEED" = "6"
Info (12021): Found 1 design units, including 1 entities, in source file db/mult_ers.tdf
    Info (12023): Found entity 1: mult_ers File: Z:/GitHub/digital-design/Lab-2/alu_sla/db/mult_ers.tdf Line: 28
Info (13014): Ignored 480 buffer(s)
    Info (13019): Ignored 480 SOFT buffer(s)
Info (17016): Found the following redundant logic cells in design
    Info (17048): Logic cell "lpm_mult:Mult0|mult_ers:auto_generated|le9a[17]" File: Z:/GitHub/digital-design/Lab-2/alu_sla/db/mult_ers.tdf Line: 54
    Info (17048): Logic cell "lpm_mult:Mult0|mult_ers:auto_generated|le10a[17]" File: Z:/GitHub/digital-design/Lab-2/alu_sla/db/mult_ers.tdf Line: 46
    Info (17048): Logic cell "lpm_mult:Mult0|mult_ers:auto_generated|le11a[16]" File: Z:/GitHub/digital-design/Lab-2/alu_sla/db/mult_ers.tdf Line: 47
    Info (17048): Logic cell "lpm_mult:Mult0|mult_ers:auto_generated|le3a[17]" File: Z:/GitHub/digital-design/Lab-2/alu_sla/db/mult_ers.tdf Line: 48
    Info (17048): Logic cell "lpm_mult:Mult0|mult_ers:auto_generated|le5a[17]" File: Z:/GitHub/digital-design/Lab-2/alu_sla/db/mult_ers.tdf Line: 50
    Info (17048): Logic cell "lpm_mult:Mult0|mult_ers:auto_generated|le6a[17]" File: Z:/GitHub/digital-design/Lab-2/alu_sla/db/mult_ers.tdf Line: 51
    Info (17048): Logic cell "lpm_mult:Mult0|mult_ers:auto_generated|le7a[17]" File: Z:/GitHub/digital-design/Lab-2/alu_sla/db/mult_ers.tdf Line: 52
    Info (17048): Logic cell "lpm_mult:Mult0|mult_ers:auto_generated|le8a[17]" File: Z:/GitHub/digital-design/Lab-2/alu_sla/db/mult_ers.tdf Line: 53
    Info (17048): Logic cell "lpm_mult:Mult0|mult_ers:auto_generated|le4a[17]" File: Z:/GitHub/digital-design/Lab-2/alu_sla/db/mult_ers.tdf Line: 49
Info (21057): Implemented 587 device resources after synthesis - the final resource count might be different
    Info (21058): Implemented 36 input pins
    Info (21059): Implemented 17 output pins
    Info (21061): Implemented 534 logic cells
Info: Quartus Prime Analysis & Synthesis was successful. 0 errors, 1 warning
    Info: Peak virtual memory: 4792 megabytes
    Info: Processing ended: Wed Jan 23 19:32:10 2019
    Info: Elapsed time: 00:00:26
    Info: Total CPU time (on all processors): 00:00:32


